#
# A fatal error has been detected by the Java Runtime Environment:
#
#  EXCEPTION_ACCESS_VIOLATION (0xc0000005) at pc=0x00007fffa68dd400, pid=14980, tid=17720
#
# JRE version: OpenJDK Runtime Environment Temurin-21.0.6+7 (21.0.6+7) (build 21.0.6+7-LTS)
# Java VM: OpenJDK 64-Bit Server VM Temurin-21.0.6+7 (21.0.6+7-LTS, mixed mode, sharing, tiered, compressed oops, compressed class ptrs, parallel gc, windows-amd64)
# Problematic frame:
# V  [jvm.dll+0x25d400]
#
# No core dump will be written. Minidumps are not enabled by default on client versions of Windows
#
# If you would like to submit a bug report, please visit:
#   https://github.com/adoptium/adoptium-support/issues
#

---------------  S U M M A R Y ------------

Command Line: --add-modules=ALL-SYSTEM --add-opens=java.base/java.util=ALL-UNNAMED --add-opens=java.base/java.lang=ALL-UNNAMED --add-opens=java.base/sun.nio.fs=ALL-UNNAMED -Declipse.application=org.eclipse.jdt.ls.core.id1 -Dosgi.bundles.defaultStartLevel=4 -Declipse.product=org.eclipse.jdt.ls.core.product -Djava.import.generatesMetadataFilesAtProjectRoot=false -DDetectVMInstallationsJob.disabled=true -Dfile.encoding=utf8 -XX:+UseParallelGC -XX:GCTimeRatio=4 -XX:AdaptiveSizePolicyWeight=90 -Dsun.zip.disableMemoryMapping=true -Xmx1G -Xms100m -Xlog:disable -javaagent:c:\Users\slow3\.vscode\extensions\redhat.java-1.41.1-win32-x64\lombok\lombok-1.18.36.jar -XX:+HeapDumpOnOutOfMemoryError -XX:HeapDumpPath=c:\Users\slow3\AppData\Roaming\Code\User\workspaceStorage\cc6a6027b4c3eb75d307e886a6e931f1\redhat.java -Daether.dependencyCollector.impl=bf c:\Users\slow3\.vscode\extensions\redhat.java-1.41.1-win32-x64\server\plugins\org.eclipse.equinox.launcher_1.7.0.v20250331-1702.jar -configuration c:\Users\slow3\AppData\Roaming\Code\User\globalStorage\redhat.java\1.41.1\config_win -data c:\Users\slow3\AppData\Roaming\Code\User\workspaceStorage\cc6a6027b4c3eb75d307e886a6e931f1\redhat.java\jdt_ws --pipe=\\.\pipe\lsp-60fc6fa7da41dea854686006ab0fdc62-sock

Host: Intel(R) Core(TM) i7-4770 CPU @ 3.40GHz, 8 cores, 23G,  Windows 11 , 64 bit Build 26100 (10.0.26100.3912)
Time: Tue Apr 29 20:33:44 2025  Windows 11 , 64 bit Build 26100 (10.0.26100.3912) elapsed time: 6634.239907 seconds (0d 1h 50m 34s)

---------------  T H R E A D  ---------------

Current thread (0x0000027c64c2ebe0):  VMThread "VM Thread"          [id=17720, stack(0x000000c397b00000,0x000000c397c00000) (1024K)]

Stack: [0x000000c397b00000,0x000000c397c00000],  sp=0x000000c397bfe890,  free space=1018k
Native frames: (J=compiled Java code, j=interpreted, Vv=VM code, C=native code)
V  [jvm.dll+0x25d400]
V  [jvm.dll+0x25e323]
V  [jvm.dll+0x6a1112]
V  [jvm.dll+0x231271]
V  [jvm.dll+0x708bb8]
V  [jvm.dll+0x7081f6]
V  [jvm.dll+0x707dbd]
V  [jvm.dll+0x70ea4c]
V  [jvm.dll+0x8b0cff]
V  [jvm.dll+0x8b2084]
V  [jvm.dll+0x8b25c0]
V  [jvm.dll+0x8b2863]
V  [jvm.dll+0x851f8b]
V  [jvm.dll+0x6cc5ed]
C  [ucrtbase.dll+0x37b0]
C  [KERNEL32.DLL+0x2e8d7]
C  [ntdll.dll+0x9c5dc]


siginfo: EXCEPTION_ACCESS_VIOLATION (0xc0000005), reading address 0x00000274000fcb18


Registers:
RAX=0x00000274000fcb18, RBX=0x00000274000fcb18, RCX=0x0000000000000000, RDX=0x0000027c6b704a35
RSP=0x000000c397bfe890, RBP=0x000000c397bfe949, RSI=0x0000027c6b703e90, RDI=0x0000027c64c2e190
R8 =0x0000027c6a2ba7c0, R9 =0x0000027c66600000, R10=0x0000027c6a030000, R11=0x0000027c6b7042ba
R12=0x0000000000000000, R13=0x0000027c7b1d29d0, R14=0x0000027c66efaf60, R15=0x0000027c64c2e000
RIP=0x00007fffa68dd400, EFLAGS=0x0000000000010206

XMM[0]=0x0000000000000000 0x0000000000000000
XMM[1]=0x0000000000000000 0x0000000000000000
XMM[2]=0x0000000000000000 0x0000000000000000
XMM[3]=0x0000000000000000 0x0000000000000000
XMM[4]=0x0000000000000000 0x0000000000000000
XMM[5]=0x0000000000000000 0x0000000000000000
XMM[6]=0x0000000000000000 0x0000000000000000
XMM[7]=0x0000000000000000 0x404e000000000000
XMM[8]=0x0000000000000000 0x0000000000000000
XMM[9]=0x0000000000000000 0x0000000000000000
XMM[10]=0x0000000000000000 0x0000000000000000
XMM[11]=0x0000000000000000 0x0000000000000000
XMM[12]=0x0000000000000000 0x0000000000000000
XMM[13]=0x0000000000000000 0x0000000000000000
XMM[14]=0x0000000000000000 0x0000000000000000
XMM[15]=0x0000000000000000 0x0000000000000000
  MXCSR=0x00001fa0


Register to memory mapping:

RAX=0x00000274000fcb18 is an unknown value
RBX=0x00000274000fcb18 is an unknown value
RCX=0x0 is null
RDX=0x0000027c6b704a35 is at entry_point+1973 in (nmethod*)0x0000027c6b703e90
Compiled method (c1) 6634267 10939   !   3       com.google.inject.spi.InjectionPoint::forMember (174 bytes)
 total in heap  [0x0000027c6b703e90,0x0000027c6b706e98] = 12296
 relocation     [0x0000027c6b703ff0,0x0000027c6b704270] = 640
 main code      [0x0000027c6b704280,0x0000027c6b705d80] = 6912
 stub code      [0x0000027c6b705d80,0x0000027c6b705ed0] = 336
 oops           [0x0000027c6b705ed0,0x0000027c6b705ee0] = 16
 metadata       [0x0000027c6b705ee0,0x0000027c6b705f80] = 160
 scopes data    [0x0000027c6b705f80,0x0000027c6b7064e0] = 1376
 scopes pcs     [0x0000027c6b7064e0,0x0000027c6b706980] = 1184
 dependencies   [0x0000027c6b706980,0x0000027c6b7069b0] = 48
 handler table  [0x0000027c6b7069b0,0x0000027c6b706de8] = 1080
 nul chk table  [0x0000027c6b706de8,0x0000027c6b706e98] = 176
RSP=0x000000c397bfe890 points into unknown readable memory: 0x00007fffa7089108 | 08 91 08 a7 ff 7f 00 00
RBP=0x000000c397bfe949 points into unknown readable memory: 0a 09 a7 ff 7f 00 00
RSI=0x0000027c6b703e90 is at entry_point+-1008 in (nmethod*)0x0000027c6b703e90
Compiled method (c1) 6634275 10939   !   3       com.google.inject.spi.InjectionPoint::forMember (174 bytes)
 total in heap  [0x0000027c6b703e90,0x0000027c6b706e98] = 12296
 relocation     [0x0000027c6b703ff0,0x0000027c6b704270] = 640
 main code      [0x0000027c6b704280,0x0000027c6b705d80] = 6912
 stub code      [0x0000027c6b705d80,0x0000027c6b705ed0] = 336
 oops           [0x0000027c6b705ed0,0x0000027c6b705ee0] = 16
 metadata       [0x0000027c6b705ee0,0x0000027c6b705f80] = 160
 scopes data    [0x0000027c6b705f80,0x0000027c6b7064e0] = 1376
 scopes pcs     [0x0000027c6b7064e0,0x0000027c6b706980] = 1184
 dependencies   [0x0000027c6b706980,0x0000027c6b7069b0] = 48
 handler table  [0x0000027c6b7069b0,0x0000027c6b706de8] = 1080
 nul chk table  [0x0000027c6b706de8,0x0000027c6b706e98] = 176
RDI=0x0000027c64c2e190 points into unknown readable memory: 0x0000027c64c2e1b0 | b0 e1 c2 64 7c 02 00 00
R8 =0x0000027c6a2ba7c0 is at entry_point+0 in (nmethod*)0x0000027c6a2ba610
Compiled method (c1) 6634281 1481       3       java.util.LinkedHashMap::values (5 bytes)
 total in heap  [0x0000027c6a2ba610,0x0000027c6a2ba988] = 888
 relocation     [0x0000027c6a2ba770,0x0000027c6a2ba7b0] = 64
 main code      [0x0000027c6a2ba7c0,0x0000027c6a2ba8d0] = 272
 stub code      [0x0000027c6a2ba8d0,0x0000027c6a2ba918] = 72
 metadata       [0x0000027c6a2ba918,0x0000027c6a2ba928] = 16
 scopes data    [0x0000027c6a2ba928,0x0000027c6a2ba940] = 24
 scopes pcs     [0x0000027c6a2ba940,0x0000027c6a2ba980] = 64
 dependencies   [0x0000027c6a2ba980,0x0000027c6a2ba988] = 8
R9 =0x0000027c66600000 points into unknown readable memory: 0x0706050403020100 | 00 01 02 03 04 05 06 07
R10=0x0000027c6a030000 points into unknown readable memory: 0x000000000000004f | 4f 00 00 00 00 00 00 00
R11=0x0000027c6b7042ba is at entry_point+58 in (nmethod*)0x0000027c6b703e90
Compiled method (c1) 6634290 10939   !   3       com.google.inject.spi.InjectionPoint::forMember (174 bytes)
 total in heap  [0x0000027c6b703e90,0x0000027c6b706e98] = 12296
 relocation     [0x0000027c6b703ff0,0x0000027c6b704270] = 640
 main code      [0x0000027c6b704280,0x0000027c6b705d80] = 6912
 stub code      [0x0000027c6b705d80,0x0000027c6b705ed0] = 336
 oops           [0x0000027c6b705ed0,0x0000027c6b705ee0] = 16
 metadata       [0x0000027c6b705ee0,0x0000027c6b705f80] = 160
 scopes data    [0x0000027c6b705f80,0x0000027c6b7064e0] = 1376
 scopes pcs     [0x0000027c6b7064e0,0x0000027c6b706980] = 1184
 dependencies   [0x0000027c6b706980,0x0000027c6b7069b0] = 48
 handler table  [0x0000027c6b7069b0,0x0000027c6b706de8] = 1080
 nul chk table  [0x0000027c6b706de8,0x0000027c6b706e98] = 176
R12=0x0 is null
R13=0x0000027c7b1d29d0 points into unknown readable memory: 0x0000000000000000 | 00 00 00 00 00 00 00 00
R14=0x0000027c66efaf60 points into unknown readable memory: 0x0000000000000002 | 02 00 00 00 00 00 00 00
R15=0x0000027c64c2e000 points into unknown readable memory: 0x0000000000000000 | 00 00 00 00 00 00 00 00

Top of Stack: (sp=0x000000c397bfe890)
0x000000c397bfe890:   00007fffa7089108 0000027c6b703e90
0x000000c397bfe8a0:   0000027c6b703e90 0000000000000000
0x000000c397bfe8b0:   0000027c6b240001 0000027c64c2e030
0x000000c397bfe8c0:   00000000000003d8 0000027c64c2e040
0x000000c397bfe8d0:   0000027c64c2e418 0000000000000000
0x000000c397bfe8e0:   0000027c6b704044 0000027c6b704270
0x000000c397bfe8f0:   0000027c6b703e90 0000027c6b704a3f
0x000000c397bfe900:   000000000000000a 000000c397bfe900
0x000000c397bfe910:   00001865b2480001 0000027c6b704280
0x000000c397bfe920:   0000027c6b704280 0000027c6b705d80
0x000000c397bfe930:   0000027c6b704280 0000027c6b705d80
0x000000c397bfe940:   0000027c6b705ed0 00007fffa7090a18
0x000000c397bfe950:   000000c397bfe8d8 00007fff00000002
0x000000c397bfe960:   0000027c6b704a35 0000027c00000000
0x000000c397bfe970:   00001865b2483308 00007fffa6d21a41
0x000000c397bfe980:   0000027c64c2e030 0000027c66efaf60
0x000000c397bfe990:   0000000000000001 0000027c64c2e040
0x000000c397bfe9a0:   0000027c6b703e90 00007fffa68de323
0x000000c397bfe9b0:   0000027c6b700410 0000000000000000
0x000000c397bfe9c0:   00000000000003d8 0000027c64c2e418
0x000000c397bfe9d0:   0000027c66e4e600 0000027c64b69f50
0x000000c397bfe9e0:   0000027c64b4d9e0 0000000000000000
0x000000c397bfe9f0:   0000000000000001 00007fffa72b8380
0x000000c397bfea00:   000000c397bfebf0 00007fffa6d21112
0x000000c397bfea10:   0000027c6b703e90 00007fffa72b8380
0x000000c397bfea20:   0000027c64c2e418 00000000000003d8
0x000000c397bfea30:   0000027c6b249c90 0000000000000000
0x000000c397bfea40:   0000027c6b24adc0 00007fffa68b2a1a
0x000000c397bfea50:   0000000600000001 0000001100000011
0x000000c397bfea60:   0000027c00000010 00001865b2483188
0x000000c397bfea70:   0000000000000001 00007fffa68b1271
0x000000c397bfea80:   0000000000000001 0000000000000000 

Instructions: (pc=0x00007fffa68dd400)
0x00007fffa68dd300:   10 ff 12 48 8b c8 e8 85 3f fd ff 48 85 c0 74 61
0x00007fffa68dd310:   33 db 38 58 5d 48 0f 45 d8 48 85 db 74 53 45 84
0x00007fffa68dd320:   e4 75 2d 48 8b 03 48 8b cb ff 90 a0 00 00 00 84
0x00007fffa68dd330:   c0 74 1d 48 8b 03 48 8b cb ff 90 f8 01 00 00 84
0x00007fffa68dd340:   c0 75 0d 48 8b 43 78 48 8b 40 48 48 3b c3 74 21
0x00007fffa68dd350:   48 8b 06 48 8b ce ff 90 f8 01 00 00 84 c0 48 8b
0x00007fffa68dd360:   cf 0f 94 c2 e8 d7 ee ff ff 84 c0 0f 84 29 01 00
0x00007fffa68dd370:   00 33 ff e9 ec fd ff ff 80 7c 24 20 00 0f 84 e0
0x00007fffa68dd380:   00 00 00 33 d2 8d 4a 20 e8 e3 6b 4c 00 48 85 c0
0x00007fffa68dd390:   74 0f 48 8d 55 8f 48 8b c8 e8 d2 e1 ff ff 48 8b
0x00007fffa68dd3a0:   f8 48 8b cf e8 67 e9 ff ff 84 c0 0f 85 b0 00 00
0x00007fffa68dd3b0:   00 48 8b cf e8 e7 e9 ff ff 48 8b cf 84 c0 74 33
0x00007fffa68dd3c0:   e8 4b e2 ff ff 48 8b d8 80 78 18 00 48 8b 08 74
0x00007fffa68dd3d0:   0c 48 8b 49 08 48 8b 51 08 48 8b 4a 18 48 8b 89
0x00007fffa68dd3e0:   98 00 00 00 e8 67 42 fc ff 84 c0 74 5f 48 8b 4b
0x00007fffa68dd3f0:   08 eb 49 e8 18 e2 ff ff 48 8b d8 48 85 c0 74 5a
0x00007fffa68dd400:   48 8b 10 48 8b c8 ff 52 08 84 c0 74 12 48 8b 8b
0x00007fffa68dd410:   98 00 00 00 e8 37 42 fc ff 84 c0 74 2f eb 3b 48
0x00007fffa68dd420:   8b 03 48 8b cb ff 50 10 84 c0 0f 84 e4 00 00 00
0x00007fffa68dd430:   48 8b 43 08 48 8b 48 08 48 8b 49 18 48 8b 89 98
0x00007fffa68dd440:   00 00 00 e8 08 42 fc ff 84 c0 75 0e b2 01 48 8b
0x00007fffa68dd450:   cf e8 aa ec ff ff 84 c0 74 40 48 8d 1d a7 bc 7a
0x00007fffa68dd460:   00 33 ff 33 d2 8d 4a 20 e8 03 6b 4c 00 48 85 c0
0x00007fffa68dd470:   74 0e 48 8d 55 8f 48 8b c8 e8 f2 e0 ff ff eb 03
0x00007fffa68dd480:   48 8b c7 45 0f b6 c4 48 8b d6 48 8b c8 e8 0e fb
0x00007fffa68dd490:   ff ff 84 c0 0f 85 d1 fc ff ff 32 db eb 0b b8 ff
0x00007fffa68dd4a0:   ff ff ff b3 01 66 89 45 c7 48 8b 7c 24 28 48 83
0x00007fffa68dd4b0:   3f 00 74 15 48 8b 54 24 30 49 8b ce e8 7f 82 e6
0x00007fffa68dd4c0:   ff 48 8b cf e8 57 82 e6 ff 48 8b 44 24 38 49 39
0x00007fffa68dd4d0:   46 18 74 10 49 89 46 18 48 8b 45 87 49 89 46 20
0x00007fffa68dd4e0:   49 89 7e 10 0f b6 c3 48 8b 4d 27 48 33 cc e8 5d
0x00007fffa68dd4f0:   9b 6e 00 4c 8d 9c 24 f0 00 00 00 49 8b 5b 38 49 


Stack slot to memory mapping:

stack at sp + 0 slots: 0x00007fffa7089108 jvm.dll
stack at sp + 1 slots: 0x0000027c6b703e90 is at entry_point+-1008 in (nmethod*)0x0000027c6b703e90
Compiled method (c1) 6634307 10939   !   3       com.google.inject.spi.InjectionPoint::forMember (174 bytes)
 total in heap  [0x0000027c6b703e90,0x0000027c6b706e98] = 12296
 relocation     [0x0000027c6b703ff0,0x0000027c6b704270] = 640
 main code      [0x0000027c6b704280,0x0000027c6b705d80] = 6912
 stub code      [0x0000027c6b705d80,0x0000027c6b705ed0] = 336
 oops           [0x0000027c6b705ed0,0x0000027c6b705ee0] = 16
 metadata       [0x0000027c6b705ee0,0x0000027c6b705f80] = 160
 scopes data    [0x0000027c6b705f80,0x0000027c6b7064e0] = 1376
 scopes pcs     [0x0000027c6b7064e0,0x0000027c6b706980] = 1184
 dependencies   [0x0000027c6b706980,0x0000027c6b7069b0] = 48
 handler table  [0x0000027c6b7069b0,0x0000027c6b706de8] = 1080
 nul chk table  [0x0000027c6b706de8,0x0000027c6b706e98] = 176
stack at sp + 2 slots: 0x0000027c6b703e90 is at entry_point+-1008 in (nmethod*)0x0000027c6b703e90
Compiled method (c1) 6634307 10939   !   3       com.google.inject.spi.InjectionPoint::forMember (174 bytes)
 total in heap  [0x0000027c6b703e90,0x0000027c6b706e98] = 12296
 relocation     [0x0000027c6b703ff0,0x0000027c6b704270] = 640
 main code      [0x0000027c6b704280,0x0000027c6b705d80] = 6912
 stub code      [0x0000027c6b705d80,0x0000027c6b705ed0] = 336
 oops           [0x0000027c6b705ed0,0x0000027c6b705ee0] = 16
 metadata       [0x0000027c6b705ee0,0x0000027c6b705f80] = 160
 scopes data    [0x0000027c6b705f80,0x0000027c6b7064e0] = 1376
 scopes pcs     [0x0000027c6b7064e0,0x0000027c6b706980] = 1184
 dependencies   [0x0000027c6b706980,0x0000027c6b7069b0] = 48
 handler table  [0x0000027c6b7069b0,0x0000027c6b706de8] = 1080
 nul chk table  [0x0000027c6b706de8,0x0000027c6b706e98] = 176
stack at sp + 3 slots: 0x0 is null
stack at sp + 4 slots: 0x0000027c6b240001 is at entry_point+53313 in (nmethod*)0x0000027c6b232010
Compiled method (c1) 6634307 9160       3       org.eclipse.jdt.internal.compiler.parser.Scanner::internalScanIdentifierOrKeyword (5081 bytes)
 total in heap  [0x0000027c6b232010,0x0000027c6b240590] = 58752
 relocation     [0x0000027c6b232170,0x0000027c6b232fb8] = 3656
 main code      [0x0000027c6b232fc0,0x0000027c6b23e330] = 45936
 stub code      [0x0000027c6b23e330,0x0000027c6b23e3e8] = 184
 oops           [0x0000027c6b23e3e8,0x0000027c6b23e400] = 24
 metadata       [0x0000027c6b23e400,0x0000027c6b23e488] = 136
 scopes data    [0x0000027c6b23e488,0x0000027c6b23ef00] = 2680
 scopes pcs     [0x0000027c6b23ef00,0x0000027c6b240520] = 5664
 dependencies   [0x0000027c6b240520,0x0000027c6b240558] = 56
 nul chk table  [0x0000027c6b240558,0x0000027c6b240590] = 56
stack at sp + 5 slots: 0x0000027c64c2e030 points into unknown readable memory: 0x0000000000000000 | 00 00 00 00 00 00 00 00
stack at sp + 6 slots: 0x00000000000003d8 is an unknown value
stack at sp + 7 slots: 0x0000027c64c2e040 points into unknown readable memory: 0x0000027c64c2e060 | 60 e0 c2 64 7c 02 00 00

VM_Operation (0x000000c399dfca10): ParallelGCSystemGC, mode: safepoint, requested by thread 0x0000027c5059e510


---------------  P R O C E S S  ---------------

Threads class SMR info:
_java_thread_list=0x0000027c46f48300, length=48, elements={
0x0000027c66e3f2e0, 0x0000027c7b1eb690, 0x0000027c7b1ee970, 0x0000027c7b1ef950,
0x0000027c7b1f05a0, 0x0000027c7b1f4110, 0x0000027c7b1f4b60, 0x0000027c7b1f58e0,
0x0000027c7b22b140, 0x0000027c7cc74ff0, 0x0000027c7cec3390, 0x0000027c7db36690,
0x0000027c7da92940, 0x0000027c7d641170, 0x0000027c7cdf1550, 0x0000027c7d4ee740,
0x0000027c7da8f0b0, 0x0000027c7dd58b00, 0x0000027c7cf7bb00, 0x0000027c7db29780,
0x0000027c7db283d0, 0x0000027c7db28a60, 0x0000027c7db2b850, 0x0000027c7db2a4a0,
0x0000027c7db2ab30, 0x0000027c460fc4c0, 0x0000027c460ff2b0, 0x0000027c460fdf00,
0x0000027c460fd1e0, 0x0000027c460fd870, 0x0000027c460fe590, 0x0000027c460fec20,
0x0000027c460fffd0, 0x0000027c460ff940, 0x0000027c50cef560, 0x0000027c50cf1cc0,
0x0000027c50cee840, 0x0000027c50cefbf0, 0x0000027c50cf2350, 0x0000027c50cf0910,
0x0000027c50cf0fa0, 0x0000027c50ceeed0, 0x0000027c50cf4420, 0x0000027c50cf5e60,
0x0000027c50cf4ab0, 0x0000027c50cf3700, 0x0000027c5059e510, 0x0000027c5059d770
}

Java Threads: ( => current thread )
  0x0000027c66e3f2e0 JavaThread "main"                              [_thread_blocked, id=11180, stack(0x000000c397800000,0x000000c397900000) (1024K)]
  0x0000027c7b1eb690 JavaThread "Reference Handler"          daemon [_thread_blocked, id=16832, stack(0x000000c397c00000,0x000000c397d00000) (1024K)]
  0x0000027c7b1ee970 JavaThread "Finalizer"                  daemon [_thread_blocked, id=14588, stack(0x000000c397d00000,0x000000c397e00000) (1024K)]
  0x0000027c7b1ef950 JavaThread "Signal Dispatcher"          daemon [_thread_blocked, id=12964, stack(0x000000c397e00000,0x000000c397f00000) (1024K)]
  0x0000027c7b1f05a0 JavaThread "Attach Listener"            daemon [_thread_blocked, id=17136, stack(0x000000c397f00000,0x000000c398000000) (1024K)]
  0x0000027c7b1f4110 JavaThread "Service Thread"             daemon [_thread_blocked, id=9304, stack(0x000000c398000000,0x000000c398100000) (1024K)]
  0x0000027c7b1f4b60 JavaThread "Monitor Deflation Thread"   daemon [_thread_blocked, id=19816, stack(0x000000c398100000,0x000000c398200000) (1024K)]
  0x0000027c7b1f58e0 JavaThread "C2 CompilerThread0"         daemon [_thread_blocked, id=5316, stack(0x000000c398200000,0x000000c398300000) (1024K)]
  0x0000027c7b22b140 JavaThread "C1 CompilerThread0"         daemon [_thread_blocked, id=332, stack(0x000000c398300000,0x000000c398400000) (1024K)]
  0x0000027c7cc74ff0 JavaThread "Common-Cleaner"             daemon [_thread_blocked, id=20024, stack(0x000000c398400000,0x000000c398500000) (1024K)]
  0x0000027c7cec3390 JavaThread "Notification Thread"        daemon [_thread_blocked, id=16448, stack(0x000000c398600000,0x000000c398700000) (1024K)]
  0x0000027c7db36690 JavaThread "Active Thread: Equinox Container: 0f31e8e1-ad37-40ee-8505-1a752661a717"        [_thread_blocked, id=12952, stack(0x000000c398e00000,0x000000c398f00000) (1024K)]
  0x0000027c7da92940 JavaThread "Refresh Thread: Equinox Container: 0f31e8e1-ad37-40ee-8505-1a752661a717" daemon [_thread_blocked, id=11084, stack(0x000000c398700000,0x000000c398800000) (1024K)]
  0x0000027c7d641170 JavaThread "Framework Event Dispatcher: Equinox Container: 0f31e8e1-ad37-40ee-8505-1a752661a717" daemon [_thread_blocked, id=17052, stack(0x000000c399000000,0x000000c399100000) (1024K)]
  0x0000027c7cdf1550 JavaThread "Start Level: Equinox Container: 0f31e8e1-ad37-40ee-8505-1a752661a717" daemon [_thread_blocked, id=11256, stack(0x000000c399100000,0x000000c399200000) (1024K)]
  0x0000027c7d4ee740 JavaThread "Bundle File Closer"         daemon [_thread_blocked, id=11048, stack(0x000000c398f00000,0x000000c399000000) (1024K)]
  0x0000027c7da8f0b0 JavaThread "SCR Component Actor"        daemon [_thread_blocked, id=4472, stack(0x000000c397600000,0x000000c397700000) (1024K)]
  0x0000027c7dd58b00 JavaThread "Worker-JM"                         [_thread_blocked, id=9236, stack(0x000000c399500000,0x000000c399600000) (1024K)]
  0x0000027c7cf7bb00 JavaThread "JNA Cleaner"                daemon [_thread_blocked, id=10812, stack(0x000000c399300000,0x000000c399400000) (1024K)]
  0x0000027c7db29780 JavaThread "Worker-1"                          [_thread_blocked, id=20016, stack(0x000000c399600000,0x000000c399700000) (1024K)]
  0x0000027c7db283d0 JavaThread "Java indexing"              daemon [_thread_blocked, id=7572, stack(0x000000c399900000,0x000000c399a00000) (1024K)]
  0x0000027c7db28a60 JavaThread "Worker-3"                          [_thread_blocked, id=10028, stack(0x000000c399e00000,0x000000c399f00000) (1024K)]
  0x0000027c7db2b850 JavaThread "Thread-2"                   daemon [_thread_in_native, id=14052, stack(0x000000c39a000000,0x000000c39a100000) (1024K)]
  0x0000027c7db2a4a0 JavaThread "Thread-3"                   daemon [_thread_in_native, id=14444, stack(0x000000c39a100000,0x000000c39a200000) (1024K)]
  0x0000027c7db2ab30 JavaThread "Thread-4"                   daemon [_thread_in_native, id=11940, stack(0x000000c39a200000,0x000000c39a300000) (1024K)]
  0x0000027c460fc4c0 JavaThread "Thread-5"                   daemon [_thread_in_native, id=15068, stack(0x000000c39a300000,0x000000c39a400000) (1024K)]
  0x0000027c460ff2b0 JavaThread "Thread-6"                   daemon [_thread_in_native, id=18576, stack(0x000000c39a400000,0x000000c39a500000) (1024K)]
  0x0000027c460fdf00 JavaThread "Thread-7"                   daemon [_thread_in_native, id=8756, stack(0x000000c39a500000,0x000000c39a600000) (1024K)]
  0x0000027c460fd1e0 JavaThread "Thread-8"                   daemon [_thread_in_native, id=12724, stack(0x000000c39a600000,0x000000c39a700000) (1024K)]
  0x0000027c460fd870 JavaThread "Thread-9"                   daemon [_thread_in_native, id=18388, stack(0x000000c39a700000,0x000000c39a800000) (1024K)]
  0x0000027c460fe590 JavaThread "Thread-10"                  daemon [_thread_in_native, id=15564, stack(0x000000c39a800000,0x000000c39a900000) (1024K)]
  0x0000027c460fec20 JavaThread "pool-2-thread-1"                   [_thread_blocked, id=12508, stack(0x000000c39a900000,0x000000c39aa00000) (1024K)]
  0x0000027c460fffd0 JavaThread "WorkspaceEventsHandler"            [_thread_blocked, id=9932, stack(0x000000c39ad00000,0x000000c39ae00000) (1024K)]
  0x0000027c460ff940 JavaThread "pool-1-thread-1"                   [_thread_blocked, id=18072, stack(0x000000c39ae00000,0x000000c39af00000) (1024K)]
  0x0000027c50cef560 JavaThread "Java Debug Server"          daemon [_thread_in_native, id=4200, stack(0x000000c39cb00000,0x000000c39cc00000) (1024K)]
  0x0000027c50cf1cc0 JavaThread "RxSchedulerPurge-1"         daemon [_thread_blocked, id=18860, stack(0x000000c39ce00000,0x000000c39cf00000) (1024K)]
  0x0000027c50cee840 JavaThread "RxCachedWorkerPoolEvictor-1" daemon [_thread_blocked, id=19244, stack(0x000000c39cf00000,0x000000c39d000000) (1024K)]
  0x0000027c50cefbf0 JavaThread "ForkJoinPool.commonPool-worker-12" daemon [_thread_blocked, id=8572, stack(0x000000c397500000,0x000000c397600000) (1024K)]
  0x0000027c50cf2350 JavaThread "ForkJoinPool.commonPool-worker-13" daemon [_thread_blocked, id=9996, stack(0x000000c397700000,0x000000c397800000) (1024K)]
  0x0000027c50cf0910 JavaThread "ForkJoinPool.commonPool-worker-14" daemon [_thread_blocked, id=2100, stack(0x000000c399200000,0x000000c399300000) (1024K)]
  0x0000027c50cf0fa0 JavaThread "ForkJoinPool.commonPool-worker-15" daemon [_thread_blocked, id=9940, stack(0x000000c399700000,0x000000c399800000) (1024K)]
  0x0000027c50ceeed0 JavaThread "ForkJoinPool.commonPool-worker-16" daemon [_thread_blocked, id=20080, stack(0x000000c399800000,0x000000c399900000) (1024K)]
  0x0000027c50cf4420 JavaThread "ForkJoinPool.commonPool-worker-17" daemon [_thread_blocked, id=12956, stack(0x000000c399a00000,0x000000c399b00000) (1024K)]
  0x0000027c50cf5e60 JavaThread "ForkJoinPool.commonPool-worker-18" daemon [_thread_blocked, id=3508, stack(0x000000c399b00000,0x000000c399c00000) (1024K)]
  0x0000027c50cf4ab0 JavaThread "Cleaner-0"                  daemon [_thread_blocked, id=7296, stack(0x000000c399c00000,0x000000c399d00000) (1024K)]
  0x0000027c50cf3700 JavaThread "Worker-7"                          [_thread_blocked, id=8720, stack(0x000000c399400000,0x000000c399500000) (1024K)]
  0x0000027c5059e510 JavaThread "C2 CompilerThread1"         daemon [_thread_blocked, id=4564, stack(0x000000c399d00000,0x000000c399e00000) (1024K)]
  0x0000027c5059d770 JavaThread "C2 CompilerThread2"         daemon [_thread_blocked, id=10224, stack(0x000000c399f00000,0x000000c39a000000) (1024K)]
Total: 48

Other Threads:
=>0x0000027c64c2ebe0 VMThread "VM Thread"                           [id=17720, stack(0x000000c397b00000,0x000000c397c00000) (1024K)]
  0x0000027c7b10ca10 WatcherThread "VM Periodic Task Thread"        [id=16964, stack(0x000000c397a00000,0x000000c397b00000) (1024K)]
  0x0000027c66e5d320 WorkerThread "GC Thread#0"                     [id=7864, stack(0x000000c397900000,0x000000c397a00000) (1024K)]
  0x0000027c7d432630 WorkerThread "GC Thread#1"                     [id=7788, stack(0x000000c398800000,0x000000c398900000) (1024K)]
  0x0000027c7d2d67e0 WorkerThread "GC Thread#2"                     [id=16484, stack(0x000000c398900000,0x000000c398a00000) (1024K)]
  0x0000027c7d2d6b80 WorkerThread "GC Thread#3"                     [id=5768, stack(0x000000c398a00000,0x000000c398b00000) (1024K)]
  0x0000027c7d2e0fc0 WorkerThread "GC Thread#4"                     [id=18104, stack(0x000000c398b00000,0x000000c398c00000) (1024K)]
  0x0000027c7d2e1360 WorkerThread "GC Thread#5"                     [id=18084, stack(0x000000c398c00000,0x000000c398d00000) (1024K)]
  0x0000027c7d2e1700 WorkerThread "GC Thread#6"                     [id=5832, stack(0x000000c398d00000,0x000000c398e00000) (1024K)]
  0x0000027c7da91da0 WorkerThread "GC Thread#7"                     [id=328, stack(0x000000c398500000,0x000000c398600000) (1024K)]
Total: 10

Threads with active compile tasks:
C1 CompilerThread0  6634322 16320   !   3       org.eclipse.jdt.internal.compiler.lookup.Scope::getBinding (1603 bytes)
C2 CompilerThread1  6634322 16328       4       java.lang.Class::privateGetDeclaredFields (64 bytes)
Total: 2

VM state: at safepoint (normal execution)

VM Mutex/Monitor currently owned by a thread:  ([mutex/lock_event])
[0x00007fffa732e380] Threads_lock - owner thread: 0x0000027c64c2ebe0
[0x00007fffa732e480] Heap_lock - owner thread: 0x0000027c5059e510

Heap address: 0x00000000c0000000, size: 1024 MB, Compressed Oops mode: 32-bit

CDS archive(s) mapped at: [0x0000027c00000000-0x0000027c00ba0000-0x0000027c00ba0000), size 12189696, SharedBaseAddress: 0x0000027c00000000, ArchiveRelocationMode: 1.
Compressed class space mapped at: 0x0000027c01000000-0x0000027c41000000, reserved size: 1073741824
Narrow klass base: 0x0000027c00000000, Narrow klass shift: 0, Narrow klass range: 0x100000000

GC Precious Log:
 CardTable entry size: 512
 CPUs: 8 total, 8 available
 Memory: 24454M
 Large Page Support: Disabled
 NUMA Support: Disabled
 Compressed Oops: Enabled (32-bit)
 Alignments: Space 512K, Generation 512K, Heap 2M
 Heap Min Capacity: 100M
 Heap Initial Capacity: 100M
 Heap Max Capacity: 1G
 Pre-touch: Disabled
 Parallel Workers: 8

Heap:
 PSYoungGen      total 6144K, used 224K [0x00000000eab00000, 0x00000000eb280000, 0x0000000100000000)
  eden space 5632K, 0% used [0x00000000eab00000,0x00000000eab00000,0x00000000eb080000)
  from space 512K, 43% used [0x00000000eb200000,0x00000000eb238000,0x00000000eb280000)
  to   space 512K, 0% used [0x00000000eb180000,0x00000000eb180000,0x00000000eb200000)
 ParOldGen       total 653312K, used 653030K [0x00000000c0000000, 0x00000000e7e00000, 0x00000000eab00000)
  object space 653312K, 99% used [0x00000000c0000000,0x00000000e7db98b0,0x00000000e7e00000)
 Metaspace       used 80237K, committed 82112K, reserved 1179648K
  class space    used 8313K, committed 9088K, reserved 1048576K

Card table byte_map: [0x0000027c667e0000,0x0000027c669f0000] _byte_map_base: 0x0000027c661e0000

Marking Bits: (ParMarkBitMap*) 0x00007fffa7333260
 Begin Bits: [0x0000027c79030000, 0x0000027c7a030000)
 End Bits:   [0x0000027c7a030000, 0x0000027c7b030000)

Polling page: 0x0000027c665c0000

Metaspace:

Usage:
  Non-class:     70.24 MB used.
      Class:      8.12 MB used.
       Both:     78.36 MB used.

Virtual space:
  Non-class space:      128.00 MB reserved,      71.31 MB ( 56%) committed,  2 nodes.
      Class space:        1.00 GB reserved,       8.88 MB ( <1%) committed,  1 nodes.
             Both:        1.12 GB reserved,      80.19 MB (  7%) committed. 

Chunk freelists:
   Non-Class:  8.72 MB
       Class:  6.95 MB
        Both:  15.67 MB

MaxMetaspaceSize: unlimited
CompressedClassSpaceSize: 1.00 GB
Initial GC threshold: 21.00 MB
Current GC threshold: 97.31 MB
CDS: on
 - commit_granule_bytes: 65536.
 - commit_granule_words: 8192.
 - virtual_space_node_default_size: 8388608.
 - enlarge_chunks_in_place: 1.
 - use_allocation_guard: 0.


Internal statistics:

num_allocs_failed_limit: 9.
num_arena_births: 1534.
num_arena_deaths: 14.
num_vsnodes_births: 3.
num_vsnodes_deaths: 0.
num_space_committed: 1283.
num_space_uncommitted: 0.
num_chunks_returned_to_freelist: 23.
num_chunks_taken_from_freelist: 5293.
num_chunk_merges: 10.
num_chunk_splits: 3216.
num_chunks_enlarged: 1739.
num_inconsistent_stats: 0.

CodeHeap 'non-profiled nmethods': size=120000Kb used=15649Kb max_used=15649Kb free=104350Kb
 bounds [0x0000027c71b00000, 0x0000027c72a50000, 0x0000027c79030000]
CodeHeap 'profiled nmethods': size=120000Kb used=37676Kb max_used=37676Kb free=82324Kb
 bounds [0x0000027c6a030000, 0x0000027c6c500000, 0x0000027c71560000]
CodeHeap 'non-nmethods': size=5760Kb used=1531Kb max_used=1598Kb free=4228Kb
 bounds [0x0000027c71560000, 0x0000027c717d0000, 0x0000027c71b00000]
 total_blobs=16309 nmethods=15463 adapters=747
 compilation: enabled
              stopped_count=0, restarted_count=0
 full_count=0

Compilation events (20 events):
Event: 6634.136 Thread 0x0000027c7b22b140 nmethod 16314 0x0000027c72a46490 code [0x0000027c72a46620, 0x0000027c72a46700]
Event: 6634.136 Thread 0x0000027c7b22b140 16315       1       org.eclipse.lsp4j.jsonrpc.messages.ResponseMessage::getResult (5 bytes)
Event: 6634.136 Thread 0x0000027c7b22b140 nmethod 16315 0x0000027c72a46790 code [0x0000027c72a46920, 0x0000027c72a469e8]
Event: 6634.137 Thread 0x0000027c7b22b140 16316       3       org.eclipse.jdt.internal.core.Openable::getResource (37 bytes)
Event: 6634.137 Thread 0x0000027c7b22b140 nmethod 16316 0x0000027c6c4ee110 code [0x0000027c6c4ee320, 0x0000027c6c4eeae0]
Event: 6634.143 Thread 0x0000027c5059e510 16317       4       org.eclipse.jdt.internal.compiler.util.ObjectVector$1::hasNext (18 bytes)
Event: 6634.143 Thread 0x0000027c5059e510 nmethod 16317 0x0000027c72a46a90 code [0x0000027c72a46c20, 0x0000027c72a46cd8]
Event: 6634.148 Thread 0x0000027c5059d770 nmethod 16312 0x0000027c72a46d90 code [0x0000027c72a46f80, 0x0000027c72a47788]
Event: 6634.153 Thread 0x0000027c7b22b140 16318       3       org.eclipse.jdt.internal.compiler.parser.Parser::consumeBlockStatement (1 bytes)
Event: 6634.153 Thread 0x0000027c7b22b140 nmethod 16318 0x0000027c6c4eec90 code [0x0000027c6c4eee20, 0x0000027c6c4eef28]
Event: 6634.153 Thread 0x0000027c7b22b140 16319   !   3       org.eclipse.jdt.internal.compiler.parser.Scanner::getNextToken0 (3094 bytes)
Event: 6634.158 Thread 0x0000027c7b1f58e0 16321       4       org.eclipse.jdt.internal.core.JavaElementRequestor::<init> (45 bytes)
Event: 6634.159 Thread 0x0000027c7b1f58e0 nmethod 16321 0x0000027c72a47c10 code [0x0000027c72a47da0, 0x0000027c72a47e48]
Event: 6634.159 Thread 0x0000027c7b1f58e0 16323       4       java.util.concurrent.atomic.AtomicInteger::decrementAndGet (14 bytes)
Event: 6634.160 Thread 0x0000027c7b1f58e0 nmethod 16323 0x0000027c72a47f10 code [0x0000027c72a480a0, 0x0000027c72a48138]
Event: 6634.160 Thread 0x0000027c7b1f58e0 16327       4       org.eclipse.jdt.internal.compiler.util.Util::getLineNumber (89 bytes)
Event: 6634.162 Thread 0x0000027c5059e510 16328       4       java.lang.Class::privateGetDeclaredFields (64 bytes)
Event: 6634.163 Thread 0x0000027c7b1f58e0 nmethod 16327 0x0000027c72a48210 code [0x0000027c72a483a0, 0x0000027c72a484f0]
Event: 6634.164 Thread 0x0000027c7b22b140 nmethod 16319 0x0000027c6c4eef90 code [0x0000027c6c4efce0, 0x0000027c6c4f7cc8]
Event: 6634.164 Thread 0x0000027c7b22b140 16320   !   3       org.eclipse.jdt.internal.compiler.lookup.Scope::getBinding (1603 bytes)

GC Heap History (20 events):
Event: 6627.465 GC heap after
{Heap after GC invocations=1802 (full 3):
 PSYoungGen      total 6144K, used 496K [0x00000000eab00000, 0x00000000eb280000, 0x0000000100000000)
  eden space 5632K, 0% used [0x00000000eab00000,0x00000000eab00000,0x00000000eb080000)
  from space 512K, 96% used [0x00000000eb180000,0x00000000eb1fc010,0x00000000eb200000)
  to   space 512K, 0% used [0x00000000eb200000,0x00000000eb200000,0x00000000eb280000)
 ParOldGen       total 650240K, used 649756K [0x00000000c0000000, 0x00000000e7b00000, 0x00000000eab00000)
  object space 650240K, 99% used [0x00000000c0000000,0x00000000e7a871e8,0x00000000e7b00000)
 Metaspace       used 80130K, committed 81984K, reserved 1179648K
  class space    used 8306K, committed 9088K, reserved 1048576K
}
Event: 6627.664 GC heap before
{Heap before GC invocations=1803 (full 3):
 PSYoungGen      total 6144K, used 6111K [0x00000000eab00000, 0x00000000eb280000, 0x0000000100000000)
  eden space 5632K, 99% used [0x00000000eab00000,0x00000000eb07bcd0,0x00000000eb080000)
  from space 512K, 96% used [0x00000000eb180000,0x00000000eb1fc010,0x00000000eb200000)
  to   space 512K, 0% used [0x00000000eb200000,0x00000000eb200000,0x00000000eb280000)
 ParOldGen       total 650240K, used 649756K [0x00000000c0000000, 0x00000000e7b00000, 0x00000000eab00000)
  object space 650240K, 99% used [0x00000000c0000000,0x00000000e7a871e8,0x00000000e7b00000)
 Metaspace       used 80134K, committed 81984K, reserved 1179648K
  class space    used 8306K, committed 9088K, reserved 1048576K
}
Event: 6627.666 GC heap after
{Heap after GC invocations=1803 (full 3):
 PSYoungGen      total 6144K, used 419K [0x00000000eab00000, 0x00000000eb280000, 0x0000000100000000)
  eden space 5632K, 0% used [0x00000000eab00000,0x00000000eab00000,0x00000000eb080000)
  from space 512K, 81% used [0x00000000eb200000,0x00000000eb268cf0,0x00000000eb280000)
  to   space 512K, 0% used [0x00000000eb180000,0x00000000eb180000,0x00000000eb200000)
 ParOldGen       total 650752K, used 650252K [0x00000000c0000000, 0x00000000e7b80000, 0x00000000eab00000)
  object space 650752K, 99% used [0x00000000c0000000,0x00000000e7b031f8,0x00000000e7b80000)
 Metaspace       used 80134K, committed 81984K, reserved 1179648K
  class space    used 8306K, committed 9088K, reserved 1048576K
}
Event: 6629.450 GC heap before
{Heap before GC invocations=1804 (full 3):
 PSYoungGen      total 6144K, used 6051K [0x00000000eab00000, 0x00000000eb280000, 0x0000000100000000)
  eden space 5632K, 100% used [0x00000000eab00000,0x00000000eb080000,0x00000000eb080000)
  from space 512K, 81% used [0x00000000eb200000,0x00000000eb268cf0,0x00000000eb280000)
  to   space 512K, 0% used [0x00000000eb180000,0x00000000eb180000,0x00000000eb200000)
 ParOldGen       total 650752K, used 650252K [0x00000000c0000000, 0x00000000e7b80000, 0x00000000eab00000)
  object space 650752K, 99% used [0x00000000c0000000,0x00000000e7b031f8,0x00000000e7b80000)
 Metaspace       used 80135K, committed 81984K, reserved 1179648K
  class space    used 8306K, committed 9088K, reserved 1048576K
}
Event: 6629.454 GC heap after
{Heap after GC invocations=1804 (full 3):
 PSYoungGen      total 6144K, used 256K [0x00000000eab00000, 0x00000000eb280000, 0x0000000100000000)
  eden space 5632K, 0% used [0x00000000eab00000,0x00000000eab00000,0x00000000eb080000)
  from space 512K, 50% used [0x00000000eb180000,0x00000000eb1c0000,0x00000000eb200000)
  to   space 512K, 0% used [0x00000000eb200000,0x00000000eb200000,0x00000000eb280000)
 ParOldGen       total 650752K, used 650324K [0x00000000c0000000, 0x00000000e7b80000, 0x00000000eab00000)
  object space 650752K, 99% used [0x00000000c0000000,0x00000000e7b151f8,0x00000000e7b80000)
 Metaspace       used 80135K, committed 81984K, reserved 1179648K
  class space    used 8306K, committed 9088K, reserved 1048576K
}
Event: 6634.052 GC heap before
{Heap before GC invocations=1805 (full 3):
 PSYoungGen      total 6144K, used 5888K [0x00000000eab00000, 0x00000000eb280000, 0x0000000100000000)
  eden space 5632K, 100% used [0x00000000eab00000,0x00000000eb080000,0x00000000eb080000)
  from space 512K, 50% used [0x00000000eb180000,0x00000000eb1c0000,0x00000000eb200000)
  to   space 512K, 0% used [0x00000000eb200000,0x00000000eb200000,0x00000000eb280000)
 ParOldGen       total 650752K, used 650324K [0x00000000c0000000, 0x00000000e7b80000, 0x00000000eab00000)
  object space 650752K, 99% used [0x00000000c0000000,0x00000000e7b151f8,0x00000000e7b80000)
 Metaspace       used 80156K, committed 81984K, reserved 1179648K
  class space    used 8307K, committed 9088K, reserved 1048576K
}
Event: 6634.054 GC heap after
{Heap after GC invocations=1805 (full 3):
 PSYoungGen      total 6144K, used 224K [0x00000000eab00000, 0x00000000eb280000, 0x0000000100000000)
  eden space 5632K, 0% used [0x00000000eab00000,0x00000000eab00000,0x00000000eb080000)
  from space 512K, 43% used [0x00000000eb200000,0x00000000eb238000,0x00000000eb280000)
  to   space 512K, 0% used [0x00000000eb180000,0x00000000eb180000,0x00000000eb200000)
 ParOldGen       total 650752K, used 650404K [0x00000000c0000000, 0x00000000e7b80000, 0x00000000eab00000)
  object space 650752K, 99% used [0x00000000c0000000,0x00000000e7b291f8,0x00000000e7b80000)
 Metaspace       used 80156K, committed 81984K, reserved 1179648K
  class space    used 8307K, committed 9088K, reserved 1048576K
}
Event: 6634.081 GC heap before
{Heap before GC invocations=1806 (full 3):
 PSYoungGen      total 6144K, used 5856K [0x00000000eab00000, 0x00000000eb280000, 0x0000000100000000)
  eden space 5632K, 100% used [0x00000000eab00000,0x00000000eb080000,0x00000000eb080000)
  from space 512K, 43% used [0x00000000eb200000,0x00000000eb238000,0x00000000eb280000)
  to   space 512K, 0% used [0x00000000eb180000,0x00000000eb180000,0x00000000eb200000)
 ParOldGen       total 650752K, used 650404K [0x00000000c0000000, 0x00000000e7b80000, 0x00000000eab00000)
  object space 650752K, 99% used [0x00000000c0000000,0x00000000e7b291f8,0x00000000e7b80000)
 Metaspace       used 80166K, committed 81984K, reserved 1179648K
  class space    used 8307K, committed 9088K, reserved 1048576K
}
Event: 6634.083 GC heap after
{Heap after GC invocations=1806 (full 3):
 PSYoungGen      total 6144K, used 441K [0x00000000eab00000, 0x00000000eb280000, 0x0000000100000000)
  eden space 5632K, 0% used [0x00000000eab00000,0x00000000eab00000,0x00000000eb080000)
  from space 512K, 86% used [0x00000000eb180000,0x00000000eb1ee410,0x00000000eb200000)
  to   space 512K, 0% used [0x00000000eb200000,0x00000000eb200000,0x00000000eb280000)
 ParOldGen       total 650752K, used 650452K [0x00000000c0000000, 0x00000000e7b80000, 0x00000000eab00000)
  object space 650752K, 99% used [0x00000000c0000000,0x00000000e7b351f8,0x00000000e7b80000)
 Metaspace       used 80166K, committed 81984K, reserved 1179648K
  class space    used 8307K, committed 9088K, reserved 1048576K
}
Event: 6634.091 GC heap before
{Heap before GC invocations=1807 (full 3):
 PSYoungGen      total 6144K, used 6073K [0x00000000eab00000, 0x00000000eb280000, 0x0000000100000000)
  eden space 5632K, 100% used [0x00000000eab00000,0x00000000eb080000,0x00000000eb080000)
  from space 512K, 86% used [0x00000000eb180000,0x00000000eb1ee410,0x00000000eb200000)
  to   space 512K, 0% used [0x00000000eb200000,0x00000000eb200000,0x00000000eb280000)
 ParOldGen       total 650752K, used 650452K [0x00000000c0000000, 0x00000000e7b80000, 0x00000000eab00000)
  object space 650752K, 99% used [0x00000000c0000000,0x00000000e7b351f8,0x00000000e7b80000)
 Metaspace       used 80168K, committed 82048K, reserved 1179648K
  class space    used 8307K, committed 9088K, reserved 1048576K
}
Event: 6634.093 GC heap after
{Heap after GC invocations=1807 (full 3):
 PSYoungGen      total 6144K, used 472K [0x00000000eab00000, 0x00000000eb280000, 0x0000000100000000)
  eden space 5632K, 0% used [0x00000000eab00000,0x00000000eab00000,0x00000000eb080000)
  from space 512K, 92% used [0x00000000eb200000,0x00000000eb276310,0x00000000eb280000)
  to   space 512K, 0% used [0x00000000eb180000,0x00000000eb180000,0x00000000eb200000)
 ParOldGen       total 650752K, used 650737K [0x00000000c0000000, 0x00000000e7b80000, 0x00000000eab00000)
  object space 650752K, 99% used [0x00000000c0000000,0x00000000e7b7c408,0x00000000e7b80000)
 Metaspace       used 80168K, committed 82048K, reserved 1179648K
  class space    used 8307K, committed 9088K, reserved 1048576K
}
Event: 6634.119 GC heap before
{Heap before GC invocations=1808 (full 3):
 PSYoungGen      total 6144K, used 6104K [0x00000000eab00000, 0x00000000eb280000, 0x0000000100000000)
  eden space 5632K, 100% used [0x00000000eab00000,0x00000000eb080000,0x00000000eb080000)
  from space 512K, 92% used [0x00000000eb200000,0x00000000eb276310,0x00000000eb280000)
  to   space 512K, 0% used [0x00000000eb180000,0x00000000eb180000,0x00000000eb200000)
 ParOldGen       total 650752K, used 650737K [0x00000000c0000000, 0x00000000e7b80000, 0x00000000eab00000)
  object space 650752K, 99% used [0x00000000c0000000,0x00000000e7b7c408,0x00000000e7b80000)
 Metaspace       used 80204K, committed 82112K, reserved 1179648K
  class space    used 8310K, committed 9088K, reserved 1048576K
}
Event: 6634.121 GC heap after
{Heap after GC invocations=1808 (full 3):
 PSYoungGen      total 6144K, used 494K [0x00000000eab00000, 0x00000000eb480000, 0x0000000100000000)
  eden space 5632K, 0% used [0x00000000eab00000,0x00000000eab00000,0x00000000eb080000)
  from space 512K, 96% used [0x00000000eb180000,0x00000000eb1fb8d0,0x00000000eb200000)
  to   space 2048K, 0% used [0x00000000eb280000,0x00000000eb280000,0x00000000eb480000)
 ParOldGen       total 652288K, used 652029K [0x00000000c0000000, 0x00000000e7d00000, 0x00000000eab00000)
  object space 652288K, 99% used [0x00000000c0000000,0x00000000e7cbf5a0,0x00000000e7d00000)
 Metaspace       used 80204K, committed 82112K, reserved 1179648K
  class space    used 8310K, committed 9088K, reserved 1048576K
}
Event: 6634.138 GC heap before
{Heap before GC invocations=1809 (full 3):
 PSYoungGen      total 6144K, used 6115K [0x00000000eab00000, 0x00000000eb480000, 0x0000000100000000)
  eden space 5632K, 99% used [0x00000000eab00000,0x00000000eb07d710,0x00000000eb080000)
  from space 512K, 96% used [0x00000000eb180000,0x00000000eb1fb8d0,0x00000000eb200000)
  to   space 2048K, 0% used [0x00000000eb280000,0x00000000eb280000,0x00000000eb480000)
 ParOldGen       total 652288K, used 652029K [0x00000000c0000000, 0x00000000e7d00000, 0x00000000eab00000)
  object space 652288K, 99% used [0x00000000c0000000,0x00000000e7cbf5a0,0x00000000e7d00000)
 Metaspace       used 80237K, committed 82112K, reserved 1179648K
  class space    used 8313K, committed 9088K, reserved 1048576K
}
Event: 6634.140 GC heap after
{Heap after GC invocations=1809 (full 3):
 PSYoungGen      total 6144K, used 504K [0x00000000eab00000, 0x00000000eb300000, 0x0000000100000000)
  eden space 5632K, 0% used [0x00000000eab00000,0x00000000eab00000,0x00000000eb080000)
  from space 512K, 98% used [0x00000000eb280000,0x00000000eb2fe0a8,0x00000000eb300000)
  to   space 1024K, 0% used [0x00000000eb100000,0x00000000eb100000,0x00000000eb200000)
 ParOldGen       total 652800K, used 652355K [0x00000000c0000000, 0x00000000e7d80000, 0x00000000eab00000)
  object space 652800K, 99% used [0x00000000c0000000,0x00000000e7d10e58,0x00000000e7d80000)
 Metaspace       used 80237K, committed 82112K, reserved 1179648K
  class space    used 8313K, committed 9088K, reserved 1048576K
}
Event: 6634.153 GC heap before
{Heap before GC invocations=1810 (full 3):
 PSYoungGen      total 6144K, used 6134K [0x00000000eab00000, 0x00000000eb300000, 0x0000000100000000)
  eden space 5632K, 99% used [0x00000000eab00000,0x00000000eb07f880,0x00000000eb080000)
  from space 512K, 98% used [0x00000000eb280000,0x00000000eb2fe0a8,0x00000000eb300000)
  to   space 1024K, 0% used [0x00000000eb100000,0x00000000eb100000,0x00000000eb200000)
 ParOldGen       total 652800K, used 652355K [0x00000000c0000000, 0x00000000e7d80000, 0x00000000eab00000)
  object space 652800K, 99% used [0x00000000c0000000,0x00000000e7d10e58,0x00000000e7d80000)
 Metaspace       used 80237K, committed 82112K, reserved 1179648K
  class space    used 8313K, committed 9088K, reserved 1048576K
}
Event: 6634.155 GC heap after
{Heap after GC invocations=1810 (full 3):
 PSYoungGen      total 6656K, used 632K [0x00000000eab00000, 0x00000000eb300000, 0x0000000100000000)
  eden space 5632K, 0% used [0x00000000eab00000,0x00000000eab00000,0x00000000eb080000)
  from space 1024K, 61% used [0x00000000eb100000,0x00000000eb19e018,0x00000000eb200000)
  to   space 1024K, 0% used [0x00000000eb200000,0x00000000eb200000,0x00000000eb300000)
 ParOldGen       total 652800K, used 652627K [0x00000000c0000000, 0x00000000e7d80000, 0x00000000eab00000)
  object space 652800K, 99% used [0x00000000c0000000,0x00000000e7d54fa0,0x00000000e7d80000)
 Metaspace       used 80237K, committed 82112K, reserved 1179648K
  class space    used 8313K, committed 9088K, reserved 1048576K
}
Event: 6634.166 GC heap before
{Heap before GC invocations=1811 (full 3):
 PSYoungGen      total 6656K, used 3785K [0x00000000eab00000, 0x00000000eb300000, 0x0000000100000000)
  eden space 5632K, 56% used [0x00000000eab00000,0x00000000eae147d8,0x00000000eb080000)
  from space 1024K, 61% used [0x00000000eb100000,0x00000000eb19e018,0x00000000eb200000)
  to   space 1024K, 0% used [0x00000000eb200000,0x00000000eb200000,0x00000000eb300000)
 ParOldGen       total 652800K, used 652627K [0x00000000c0000000, 0x00000000e7d80000, 0x00000000eab00000)
  object space 652800K, 99% used [0x00000000c0000000,0x00000000e7d54fa0,0x00000000e7d80000)
 Metaspace       used 80237K, committed 82112K, reserved 1179648K
  class space    used 8313K, committed 9088K, reserved 1048576K
}
Event: 6634.167 GC heap after
{Heap after GC invocations=1811 (full 3):
 PSYoungGen      total 6144K, used 224K [0x00000000eab00000, 0x00000000eb280000, 0x0000000100000000)
  eden space 5632K, 0% used [0x00000000eab00000,0x00000000eab00000,0x00000000eb080000)
  from space 512K, 43% used [0x00000000eb200000,0x00000000eb238000,0x00000000eb280000)
  to   space 512K, 0% used [0x00000000eb180000,0x00000000eb180000,0x00000000eb200000)
 ParOldGen       total 653312K, used 653030K [0x00000000c0000000, 0x00000000e7e00000, 0x00000000eab00000)
  object space 653312K, 99% used [0x00000000c0000000,0x00000000e7db98b0,0x00000000e7e00000)
 Metaspace       used 80237K, committed 82112K, reserved 1179648K
  class space    used 8313K, committed 9088K, reserved 1048576K
}
Event: 6634.167 GC heap before
{Heap before GC invocations=1812 (full 4):
 PSYoungGen      total 6144K, used 224K [0x00000000eab00000, 0x00000000eb280000, 0x0000000100000000)
  eden space 5632K, 0% used [0x00000000eab00000,0x00000000eab00000,0x00000000eb080000)
  from space 512K, 43% used [0x00000000eb200000,0x00000000eb238000,0x00000000eb280000)
  to   space 512K, 0% used [0x00000000eb180000,0x00000000eb180000,0x00000000eb200000)
 ParOldGen       total 653312K, used 653030K [0x00000000c0000000, 0x00000000e7e00000, 0x00000000eab00000)
  object space 653312K, 99% used [0x00000000c0000000,0x00000000e7db98b0,0x00000000e7e00000)
 Metaspace       used 80237K, committed 82112K, reserved 1179648K
  class space    used 8313K, committed 9088K, reserved 1048576K
}

Dll operation events (12 events):
Event: 0.020 Loaded shared library c:\Users\slow3\.vscode\extensions\redhat.java-1.41.1-win32-x64\jre\21.0.6-win32-x86_64\bin\java.dll
Event: 0.058 Loaded shared library c:\Users\slow3\.vscode\extensions\redhat.java-1.41.1-win32-x64\jre\21.0.6-win32-x86_64\bin\zip.dll
Event: 0.292 Loaded shared library C:\Users\slow3\.vscode\extensions\redhat.java-1.41.1-win32-x64\jre\21.0.6-win32-x86_64\bin\instrument.dll
Event: 0.299 Loaded shared library C:\Users\slow3\.vscode\extensions\redhat.java-1.41.1-win32-x64\jre\21.0.6-win32-x86_64\bin\net.dll
Event: 0.308 Loaded shared library C:\Users\slow3\.vscode\extensions\redhat.java-1.41.1-win32-x64\jre\21.0.6-win32-x86_64\bin\nio.dll
Event: 0.313 Loaded shared library C:\Users\slow3\.vscode\extensions\redhat.java-1.41.1-win32-x64\jre\21.0.6-win32-x86_64\bin\zip.dll
Event: 0.340 Loaded shared library C:\Users\slow3\.vscode\extensions\redhat.java-1.41.1-win32-x64\jre\21.0.6-win32-x86_64\bin\jimage.dll
Event: 0.468 Loaded shared library c:\Users\slow3\.vscode\extensions\redhat.java-1.41.1-win32-x64\jre\21.0.6-win32-x86_64\bin\verify.dll
Event: 8.319 Loaded shared library C:\Users\slow3\AppData\Roaming\Code\User\globalStorage\redhat.java\1.41.1\config_win\org.eclipse.equinox.launcher\org.eclipse.equinox.launcher.win32.win32.x86_64_1.2.1300.v20250331-1702\eclipse_11911.dll
Event: 33.092 Loaded shared library C:\Users\slow3\AppData\Local\Temp\jna-109532754\jna10825509832349188829.dll
Event: 35.651 Loaded shared library C:\Users\slow3\.vscode\extensions\redhat.java-1.41.1-win32-x64\jre\21.0.6-win32-x86_64\bin\sunmscapi.dll
Event: 35.809 Loaded shared library C:\Users\slow3\.vscode\extensions\redhat.java-1.41.1-win32-x64\jre\21.0.6-win32-x86_64\bin\extnet.dll

Deoptimization events (20 events):
Event: 6634.109 Thread 0x0000027c50cf2350 DEOPT PACKING pc=0x0000027c729955b4 sp=0x000000c3977fdfc0
Event: 6634.109 Thread 0x0000027c50cf2350 DEOPT UNPACKING pc=0x0000027c715b3aa2 sp=0x000000c3977fdf48 mode 2
Event: 6634.110 Thread 0x0000027c50cf2350 Uncommon trap: trap_request=0xffffff45 fr.pc=0x0000027c722c3df8 relative=0x0000000000000138
Event: 6634.110 Thread 0x0000027c50cf2350 Uncommon trap: reason=unstable_if action=reinterpret pc=0x0000027c722c3df8 method=org.eclipse.jdt.internal.compiler.parser.Scanner.addTokenToLookBack(Lorg/eclipse/jdt/internal/compiler/parser/TerminalToken;)V @ 8 c2
Event: 6634.110 Thread 0x0000027c50cf2350 DEOPT PACKING pc=0x0000027c722c3df8 sp=0x000000c3977fe010
Event: 6634.110 Thread 0x0000027c50cf2350 DEOPT UNPACKING pc=0x0000027c715b3aa2 sp=0x000000c3977fdfb0 mode 2
Event: 6634.137 Thread 0x0000027c50ceeed0 DEOPT PACKING pc=0x0000027c6bf22524 sp=0x000000c3998fd9d0
Event: 6634.137 Thread 0x0000027c50ceeed0 DEOPT UNPACKING pc=0x0000027c715b4242 sp=0x000000c3998fcdf0 mode 0
Event: 6634.141 Thread 0x0000027c50cf0fa0 Uncommon trap: trap_request=0xffffff6e fr.pc=0x0000027c72a41174 relative=0x00000000000007b4
Event: 6634.141 Thread 0x0000027c50cf0fa0 Uncommon trap: reason=loop_limit_check action=maybe_recompile pc=0x0000027c72a41174 method=org.eclipse.jdt.internal.compiler.util.HashtableOfObjectToInt.rehash()V @ 50 c2
Event: 6634.141 Thread 0x0000027c50cf0fa0 DEOPT PACKING pc=0x0000027c72a41174 sp=0x000000c3997fdf00
Event: 6634.142 Thread 0x0000027c50cf0fa0 DEOPT UNPACKING pc=0x0000027c715b3aa2 sp=0x000000c3997fdeb0 mode 2
Event: 6634.146 Thread 0x0000027c50cf0fa0 Uncommon trap: trap_request=0xffffffbe fr.pc=0x0000027c728676f4 relative=0x0000000000000574
Event: 6634.146 Thread 0x0000027c50cf0fa0 Uncommon trap: reason=profile_predicate action=maybe_recompile pc=0x0000027c728676f4 method=org.eclipse.jdt.internal.compiler.parser.Scanner.checkTaskTag(II)V @ 539 c2
Event: 6634.146 Thread 0x0000027c50cf0fa0 DEOPT PACKING pc=0x0000027c728676f4 sp=0x000000c3997fde40
Event: 6634.146 Thread 0x0000027c50cf0fa0 DEOPT UNPACKING pc=0x0000027c715b3aa2 sp=0x000000c3997fddb8 mode 2
Event: 6634.163 Thread 0x0000027c50cf0fa0 Uncommon trap: trap_request=0xffffffde fr.pc=0x0000027c72578118 relative=0x0000000000000078
Event: 6634.163 Thread 0x0000027c50cf0fa0 Uncommon trap: reason=class_check action=maybe_recompile pc=0x0000027c72578118 method=java.util.LinkedHashMap.afterNodeInsertion(Z)V @ 15 c2
Event: 6634.163 Thread 0x0000027c50cf0fa0 DEOPT PACKING pc=0x0000027c72578118 sp=0x000000c3997febb0
Event: 6634.163 Thread 0x0000027c50cf0fa0 DEOPT UNPACKING pc=0x0000027c715b3aa2 sp=0x000000c3997feb28 mode 2

Classes loaded (20 events):
Event: 74.702 Loading class java/util/concurrent/CompletableFuture$UniHandle
Event: 74.702 Loading class java/util/concurrent/CompletableFuture$UniHandle done
Event: 338.047 Loading class java/util/stream/Nodes$CollectorTask$OfRef
Event: 338.047 Loading class java/util/stream/Nodes$CollectorTask
Event: 338.047 Loading class java/util/stream/Nodes$CollectorTask done
Event: 338.047 Loading class java/util/stream/Nodes$CollectorTask$OfRef done
Event: 338.051 Loading class java/util/function/LongFunction
Event: 338.051 Loading class java/util/function/LongFunction done
Event: 338.051 Loading class java/util/stream/Nodes$ConcNode
Event: 338.052 Loading class java/util/stream/Nodes$AbstractConcNode
Event: 338.052 Loading class java/util/stream/Nodes$AbstractConcNode done
Event: 338.052 Loading class java/util/stream/Nodes$ConcNode done
Event: 338.060 Loading class java/io/ObjectOutputStream$BlockDataOutputStream
Event: 338.060 Loading class java/io/ObjectOutputStream$BlockDataOutputStream done
Event: 338.060 Loading class java/io/ObjectOutputStream$HandleTable
Event: 338.060 Loading class java/io/ObjectOutputStream$HandleTable done
Event: 338.060 Loading class java/io/ObjectOutputStream$ReplaceTable
Event: 338.060 Loading class java/io/ObjectOutputStream$ReplaceTable done
Event: 6625.669 Loading class jdk/internal/ref/CleanerImpl$InnocuousThreadFactory
Event: 6625.669 Loading class jdk/internal/ref/CleanerImpl$InnocuousThreadFactory done

Classes unloaded (20 events):
Event: 6634.203 Thread 0x0000027c64c2ebe0 Unloading class 0x0000027c01019800 'java/lang/invoke/LambdaForm$MH+0x0000027c01019800'
Event: 6634.203 Thread 0x0000027c64c2ebe0 Unloading class 0x0000027c01018400 'java/lang/invoke/LambdaForm$MH+0x0000027c01018400'
Event: 6634.203 Thread 0x0000027c64c2ebe0 Unloading class 0x0000027c0100d800 'java/lang/invoke/LambdaForm$MH+0x0000027c0100d800'
Event: 6634.203 Thread 0x0000027c64c2ebe0 Unloading class 0x0000027c0100d400 'java/lang/invoke/LambdaForm$MH+0x0000027c0100d400'
Event: 6634.203 Thread 0x0000027c64c2ebe0 Unloading class 0x0000027c0100d000 'java/lang/invoke/LambdaForm$MH+0x0000027c0100d000'
Event: 6634.203 Thread 0x0000027c64c2ebe0 Unloading class 0x0000027c0100cc00 'java/lang/invoke/LambdaForm$MH+0x0000027c0100cc00'
Event: 6634.203 Thread 0x0000027c64c2ebe0 Unloading class 0x0000027c0100c800 'java/lang/invoke/LambdaForm$BMH+0x0000027c0100c800'
Event: 6634.203 Thread 0x0000027c64c2ebe0 Unloading class 0x0000027c0100c000 'java/lang/invoke/LambdaForm$DMH+0x0000027c0100c000'
Event: 6634.203 Thread 0x0000027c64c2ebe0 Unloading class 0x0000027c01008400 'java/lang/invoke/LambdaForm$MH+0x0000027c01008400'
Event: 6634.203 Thread 0x0000027c64c2ebe0 Unloading class 0x0000027c01008000 'java/lang/invoke/LambdaForm$MH+0x0000027c01008000'
Event: 6634.203 Thread 0x0000027c64c2ebe0 Unloading class 0x0000027c01007c00 'java/lang/invoke/LambdaForm$MH+0x0000027c01007c00'
Event: 6634.203 Thread 0x0000027c64c2ebe0 Unloading class 0x0000027c01006800 'java/lang/invoke/LambdaForm$MH+0x0000027c01006800'
Event: 6634.203 Thread 0x0000027c64c2ebe0 Unloading class 0x0000027c01006400 'java/lang/invoke/LambdaForm$MH+0x0000027c01006400'
Event: 6634.203 Thread 0x0000027c64c2ebe0 Unloading class 0x0000027c01006000 'java/lang/invoke/LambdaForm$MH+0x0000027c01006000'
Event: 6634.203 Thread 0x0000027c64c2ebe0 Unloading class 0x0000027c01005c00 'java/lang/invoke/LambdaForm$MH+0x0000027c01005c00'
Event: 6634.203 Thread 0x0000027c64c2ebe0 Unloading class 0x0000027c01005400 'java/lang/invoke/LambdaForm$BMH+0x0000027c01005400'
Event: 6634.203 Thread 0x0000027c64c2ebe0 Unloading class 0x0000027c01004000 'java/lang/invoke/LambdaForm$DMH+0x0000027c01004000'
Event: 6634.203 Thread 0x0000027c64c2ebe0 Unloading class 0x0000027c01002400 'java/lang/invoke/LambdaForm$MH+0x0000027c01002400'
Event: 6634.203 Thread 0x0000027c64c2ebe0 Unloading class 0x0000027c01002000 'java/lang/invoke/LambdaForm$MH+0x0000027c01002000'
Event: 6634.203 Thread 0x0000027c64c2ebe0 Unloading class 0x0000027c01001800 'java/lang/invoke/LambdaForm$MH+0x0000027c01001800'

Classes redefined (0 events):
No events

Internal exceptions (20 events):
Event: 6625.280 Thread 0x0000027c460ff940 Implicit null exception at 0x0000027c7275eaf7 to 0x0000027c7275fa5c
Event: 6625.328 Thread 0x0000027c460ff940 Exception <a 'java/lang/IncompatibleClassChangeError'{0x00000000eae5f9b8}: Found class java.lang.Object, but interface was expected> (0x00000000eae5f9b8) 
thrown [s\src\hotspot\share\interpreter\linkResolver.cpp, line 840]
Event: 6625.390 Thread 0x0000027c50cf0fa0 Exception <a 'sun/nio/fs/WindowsException'{0x00000000eae7ee00}> (0x00000000eae7ee00) 
thrown [s\src\hotspot\share\prims\jni.cpp, line 520]
Event: 6625.390 Thread 0x0000027c50cf0fa0 Exception <a 'sun/nio/fs/WindowsException'{0x00000000eae7f7d0}> (0x00000000eae7f7d0) 
thrown [s\src\hotspot\share\prims\jni.cpp, line 520]
Event: 6625.391 Thread 0x0000027c50cf0fa0 Exception <a 'sun/nio/fs/WindowsException'{0x00000000eae80790}> (0x00000000eae80790) 
thrown [s\src\hotspot\share\prims\jni.cpp, line 520]
Event: 6625.391 Thread 0x0000027c50cf0fa0 Exception <a 'sun/nio/fs/WindowsException'{0x00000000eae81140}> (0x00000000eae81140) 
thrown [s\src\hotspot\share\prims\jni.cpp, line 520]
Event: 6625.391 Thread 0x0000027c50cf0fa0 Exception <a 'sun/nio/fs/WindowsException'{0x00000000eae93388}> (0x00000000eae93388) 
thrown [s\src\hotspot\share\prims\jni.cpp, line 520]
Event: 6625.392 Thread 0x0000027c50cf0fa0 Exception <a 'sun/nio/fs/WindowsException'{0x00000000eae93d38}> (0x00000000eae93d38) 
thrown [s\src\hotspot\share\prims\jni.cpp, line 520]
Event: 6625.407 Thread 0x0000027c50cf0fa0 Exception <a 'sun/nio/fs/WindowsException'{0x00000000eac713e8}> (0x00000000eac713e8) 
thrown [s\src\hotspot\share\prims\jni.cpp, line 520]
Event: 6625.407 Thread 0x0000027c50cf0fa0 Exception <a 'sun/nio/fs/WindowsException'{0x00000000eac71d98}> (0x00000000eac71d98) 
thrown [s\src\hotspot\share\prims\jni.cpp, line 520]
Event: 6625.737 Thread 0x0000027c50cf2350 Exception <a 'java/lang/NoSuchMethodError'{0x00000000eaf022d8}: 'java.lang.Object java.lang.invoke.DirectMethodHandle$Holder.newInvokeSpecial(java.lang.Object, int, java.lang.Object, java.lang.Object, java.lang.Object)'> (0x00000000eaf022d8) 
thrown [s\src\hotspot\share\interpreter\linkResolver.cpp, line 773]
Event: 6626.225 Thread 0x0000027c50cf2350 Exception <a 'java/lang/ArrayIndexOutOfBoundsException'{0x00000000eaf5b0e0}: Index 454 out of bounds for length 453> (0x00000000eaf5b0e0) 
thrown [s\src\hotspot\share\interpreter\interpreterRuntime.cpp, line 439]
Event: 6634.085 Thread 0x0000027c50cefbf0 Exception <a 'sun/nio/fs/WindowsException'{0x00000000eac281e8}> (0x00000000eac281e8) 
thrown [s\src\hotspot\share\prims\jni.cpp, line 520]
Event: 6634.085 Thread 0x0000027c50cefbf0 Exception <a 'sun/nio/fs/WindowsException'{0x00000000eac28bb8}> (0x00000000eac28bb8) 
thrown [s\src\hotspot\share\prims\jni.cpp, line 520]
Event: 6634.085 Thread 0x0000027c50cefbf0 Exception <a 'sun/nio/fs/WindowsException'{0x00000000eaca1640}> (0x00000000eaca1640) 
thrown [s\src\hotspot\share\prims\jni.cpp, line 520]
Event: 6634.085 Thread 0x0000027c50cefbf0 Exception <a 'sun/nio/fs/WindowsException'{0x00000000eaca1ff0}> (0x00000000eaca1ff0) 
thrown [s\src\hotspot\share\prims\jni.cpp, line 520]
Event: 6634.086 Thread 0x0000027c50cefbf0 Exception <a 'sun/nio/fs/WindowsException'{0x00000000eaca39e0}> (0x00000000eaca39e0) 
thrown [s\src\hotspot\share\prims\jni.cpp, line 520]
Event: 6634.086 Thread 0x0000027c50cefbf0 Exception <a 'sun/nio/fs/WindowsException'{0x00000000eaca4390}> (0x00000000eaca4390) 
thrown [s\src\hotspot\share\prims\jni.cpp, line 520]
Event: 6634.089 Thread 0x0000027c50cefbf0 Exception <a 'sun/nio/fs/WindowsException'{0x00000000eaf73d28}> (0x00000000eaf73d28) 
thrown [s\src\hotspot\share\prims\jni.cpp, line 520]
Event: 6634.089 Thread 0x0000027c50cefbf0 Exception <a 'sun/nio/fs/WindowsException'{0x00000000eaf746d8}> (0x00000000eaf746d8) 
thrown [s\src\hotspot\share\prims\jni.cpp, line 520]

ZGC Phase Switch (0 events):
No events

VM Operations (20 events):
Event: 6627.666 Executing VM operation: ParallelGCFailedAllocation (Allocation Failure) done
Event: 6628.672 Executing VM operation: Cleanup
Event: 6628.672 Executing VM operation: Cleanup done
Event: 6629.450 Executing VM operation: ParallelGCFailedAllocation (Allocation Failure)
Event: 6629.454 Executing VM operation: ParallelGCFailedAllocation (Allocation Failure) done
Event: 6630.459 Executing VM operation: Cleanup
Event: 6630.459 Executing VM operation: Cleanup done
Event: 6634.051 Executing VM operation: ParallelGCFailedAllocation (Allocation Failure)
Event: 6634.054 Executing VM operation: ParallelGCFailedAllocation (Allocation Failure) done
Event: 6634.081 Executing VM operation: ParallelGCFailedAllocation (Allocation Failure)
Event: 6634.083 Executing VM operation: ParallelGCFailedAllocation (Allocation Failure) done
Event: 6634.091 Executing VM operation: ParallelGCFailedAllocation (Allocation Failure)
Event: 6634.093 Executing VM operation: ParallelGCFailedAllocation (Allocation Failure) done
Event: 6634.119 Executing VM operation: ParallelGCFailedAllocation (Allocation Failure)
Event: 6634.121 Executing VM operation: ParallelGCFailedAllocation (Allocation Failure) done
Event: 6634.138 Executing VM operation: ParallelGCFailedAllocation (Allocation Failure)
Event: 6634.140 Executing VM operation: ParallelGCFailedAllocation (Allocation Failure) done
Event: 6634.153 Executing VM operation: ParallelGCFailedAllocation (Allocation Failure)
Event: 6634.155 Executing VM operation: ParallelGCFailedAllocation (Allocation Failure) done
Event: 6634.166 Executing VM operation: ParallelGCSystemGC (CodeCache GC Threshold)

Memory protections (0 events):
No events

Nmethod flushes (20 events):
Event: 53.047 Thread 0x0000027c64c2ebe0 flushing  nmethod 0x0000027c6a978390
Event: 53.047 Thread 0x0000027c64c2ebe0 flushing  nmethod 0x0000027c6a979090
Event: 53.047 Thread 0x0000027c64c2ebe0 flushing osr nmethod 0x0000027c6a97b390
Event: 53.047 Thread 0x0000027c64c2ebe0 flushing  nmethod 0x0000027c6a97db10
Event: 53.047 Thread 0x0000027c64c2ebe0 flushing  nmethod 0x0000027c6a983410
Event: 53.047 Thread 0x0000027c64c2ebe0 flushing  nmethod 0x0000027c6a994810
Event: 53.047 Thread 0x0000027c64c2ebe0 flushing  nmethod 0x0000027c6a994d90
Event: 53.047 Thread 0x0000027c64c2ebe0 flushing  nmethod 0x0000027c6a9a6f90
Event: 53.047 Thread 0x0000027c64c2ebe0 flushing  nmethod 0x0000027c6a9a9590
Event: 53.047 Thread 0x0000027c64c2ebe0 flushing  nmethod 0x0000027c6a9aae90
Event: 53.047 Thread 0x0000027c64c2ebe0 flushing  nmethod 0x0000027c6a9ab490
Event: 53.047 Thread 0x0000027c64c2ebe0 flushing  nmethod 0x0000027c6a9abd10
Event: 53.047 Thread 0x0000027c64c2ebe0 flushing  nmethod 0x0000027c6a9ac410
Event: 53.047 Thread 0x0000027c64c2ebe0 flushing  nmethod 0x0000027c6a9ac790
Event: 53.047 Thread 0x0000027c64c2ebe0 flushing  nmethod 0x0000027c6a9ae210
Event: 53.047 Thread 0x0000027c64c2ebe0 flushing  nmethod 0x0000027c6a9b1f90
Event: 53.047 Thread 0x0000027c64c2ebe0 flushing  nmethod 0x0000027c6a9b7c90
Event: 53.047 Thread 0x0000027c64c2ebe0 flushing  nmethod 0x0000027c6a9bc890
Event: 53.047 Thread 0x0000027c64c2ebe0 flushing  nmethod 0x0000027c6a9e1290
Event: 53.047 Thread 0x0000027c64c2ebe0 flushing  nmethod 0x0000027c6aa3a390

Events (20 events):
Event: 6316.013 Thread 0x0000027c50cf0910 Thread exited: 0x0000027c50cf0910
Event: 6316.044 Thread 0x0000027c50cf29e0 Thread exited: 0x0000027c50cf29e0
Event: 6376.059 Thread 0x0000027c50cf4420 Thread exited: 0x0000027c50cf4420
Event: 6436.075 Thread 0x0000027c50cf3700 Thread exited: 0x0000027c50cf3700
Event: 6496.075 Thread 0x0000027c50cf4ab0 Thread exited: 0x0000027c50cf4ab0
Event: 6614.102 Thread 0x0000027c460ff940 Thread added: 0x0000027c50cefbf0
Event: 6625.291 Thread 0x0000027c460ff940 Thread added: 0x0000027c50cf2350
Event: 6625.292 Thread 0x0000027c50cf2350 Thread added: 0x0000027c50cf0910
Event: 6625.315 Thread 0x0000027c7b22b140 Thread added: 0x0000027c5059d770
Event: 6625.380 Thread 0x0000027c460ff940 Thread added: 0x0000027c50cf0fa0
Event: 6625.381 Thread 0x0000027c460ff940 Thread added: 0x0000027c50ceeed0
Event: 6625.385 Thread 0x0000027c50cf2350 Thread added: 0x0000027c50cf4420
Event: 6625.386 Thread 0x0000027c50cf0fa0 Thread added: 0x0000027c50cf5e60
Event: 6625.669 Thread 0x0000027c50cf2350 Thread added: 0x0000027c50cf4ab0
Event: 6626.225 Thread 0x0000027c5059d770 Thread exited: 0x0000027c5059d770
Event: 6627.476 Thread 0x0000027c7b22b140 Thread added: 0x0000027c5059b560
Event: 6628.518 Thread 0x0000027c5059b560 Thread exited: 0x0000027c5059b560
Event: 6633.999 Thread 0x0000027c7db29780 Thread added: 0x0000027c50cf3700
Event: 6634.073 Thread 0x0000027c7b22b140 Thread added: 0x0000027c5059e510
Event: 6634.094 Thread 0x0000027c7b22b140 Thread added: 0x0000027c5059d770


Dynamic libraries:
0x00007ff768bc0000 - 0x00007ff768bce000 	c:\Users\slow3\.vscode\extensions\redhat.java-1.41.1-win32-x64\jre\21.0.6-win32-x86_64\bin\java.exe
0x00007ff80cea0000 - 0x00007ff80d106000 	C:\WINDOWS\SYSTEM32\ntdll.dll
0x00007ff80b820000 - 0x00007ff80b8e9000 	C:\WINDOWS\System32\KERNEL32.DLL
0x00007ff80a0f0000 - 0x00007ff80a4bc000 	C:\WINDOWS\System32\KERNELBASE.dll
0x00007ff80aa80000 - 0x00007ff80abcb000 	C:\WINDOWS\System32\ucrtbase.dll
0x00007fffe0a60000 - 0x00007fffe0a78000 	c:\Users\slow3\.vscode\extensions\redhat.java-1.41.1-win32-x64\jre\21.0.6-win32-x86_64\bin\jli.dll
0x00007ff80c800000 - 0x00007ff80c9ca000 	C:\WINDOWS\System32\USER32.dll
0x00007ff80a830000 - 0x00007ff80a857000 	C:\WINDOWS\System32\win32u.dll
0x00007ff80bcb0000 - 0x00007ff80bcdb000 	C:\WINDOWS\System32\GDI32.dll
0x00007ff80a570000 - 0x00007ff80a6a2000 	C:\WINDOWS\System32\gdi32full.dll
0x00007ff80a4c0000 - 0x00007ff80a563000 	C:\WINDOWS\System32\msvcp_win.dll
0x00007fffce3a0000 - 0x00007fffce3be000 	c:\Users\slow3\.vscode\extensions\redhat.java-1.41.1-win32-x64\jre\21.0.6-win32-x86_64\bin\VCRUNTIME140.dll
0x00007ff8091a0000 - 0x00007ff80943a000 	C:\WINDOWS\WinSxS\amd64_microsoft.windows.common-controls_6595b64144ccf1df_6.0.26100.3912_none_3e07963ce335137e\COMCTL32.dll
0x00007ff80b5c0000 - 0x00007ff80b669000 	C:\WINDOWS\System32\msvcrt.dll
0x00007ff80af60000 - 0x00007ff80af90000 	C:\WINDOWS\System32\IMM32.DLL
0x00007ffffe2b0000 - 0x00007ffffe2bc000 	c:\Users\slow3\.vscode\extensions\redhat.java-1.41.1-win32-x64\jre\21.0.6-win32-x86_64\bin\vcruntime140_1.dll
0x00007fffafdb0000 - 0x00007fffafe3d000 	c:\Users\slow3\.vscode\extensions\redhat.java-1.41.1-win32-x64\jre\21.0.6-win32-x86_64\bin\msvcp140.dll
0x00007fffa6680000 - 0x00007fffa7410000 	c:\Users\slow3\.vscode\extensions\redhat.java-1.41.1-win32-x64\jre\21.0.6-win32-x86_64\bin\server\jvm.dll
0x00007ff80add0000 - 0x00007ff80ae82000 	C:\WINDOWS\System32\ADVAPI32.dll
0x00007ff80b340000 - 0x00007ff80b3e6000 	C:\WINDOWS\System32\sechost.dll
0x00007ff80b8f0000 - 0x00007ff80ba06000 	C:\WINDOWS\System32\RPCRT4.dll
0x00007ff80ae90000 - 0x00007ff80af04000 	C:\WINDOWS\System32\WS2_32.dll
0x00007ff809870000 - 0x00007ff8098ce000 	C:\WINDOWS\SYSTEM32\POWRPROF.dll
0x00007ff800140000 - 0x00007ff800176000 	C:\WINDOWS\SYSTEM32\WINMM.dll
0x00007ff8023a0000 - 0x00007ff8023ab000 	C:\WINDOWS\SYSTEM32\VERSION.dll
0x00007ff809540000 - 0x00007ff809554000 	C:\WINDOWS\SYSTEM32\UMPDC.dll
0x00007ff8084c0000 - 0x00007ff8084da000 	C:\WINDOWS\SYSTEM32\kernel.appcore.dll
0x00007ffffb6c0000 - 0x00007ffffb6ca000 	c:\Users\slow3\.vscode\extensions\redhat.java-1.41.1-win32-x64\jre\21.0.6-win32-x86_64\bin\jimage.dll
0x00007ff8098e0000 - 0x00007ff809b21000 	C:\WINDOWS\SYSTEM32\DBGHELP.DLL
0x00007ff80afa0000 - 0x00007ff80b324000 	C:\WINDOWS\System32\combase.dll
0x00007ff80b450000 - 0x00007ff80b530000 	C:\WINDOWS\System32\OLEAUT32.dll
0x00007ff809760000 - 0x00007ff809799000 	C:\WINDOWS\SYSTEM32\dbgcore.DLL
0x00007ff80a9e0000 - 0x00007ff80aa79000 	C:\WINDOWS\System32\bcryptPrimitives.dll
0x00007ffffac30000 - 0x00007ffffac3f000 	c:\Users\slow3\.vscode\extensions\redhat.java-1.41.1-win32-x64\jre\21.0.6-win32-x86_64\bin\instrument.dll
0x00007fffc5290000 - 0x00007fffc52af000 	c:\Users\slow3\.vscode\extensions\redhat.java-1.41.1-win32-x64\jre\21.0.6-win32-x86_64\bin\java.dll
0x00007ff80bef0000 - 0x00007ff80c61d000 	C:\WINDOWS\System32\SHELL32.dll
0x00007ff80a860000 - 0x00007ff80a9d4000 	C:\WINDOWS\System32\wintypes.dll
0x00007ff807240000 - 0x00007ff807a96000 	C:\WINDOWS\SYSTEM32\windows.storage.dll
0x00007ff80bce0000 - 0x00007ff80bdcf000 	C:\WINDOWS\System32\SHCORE.dll
0x00007ff80b540000 - 0x00007ff80b5a9000 	C:\WINDOWS\System32\shlwapi.dll
0x00007ff809f40000 - 0x00007ff809f6f000 	C:\WINDOWS\SYSTEM32\profapi.dll
0x00007fffc31f0000 - 0x00007fffc3208000 	c:\Users\slow3\.vscode\extensions\redhat.java-1.41.1-win32-x64\jre\21.0.6-win32-x86_64\bin\zip.dll
0x00007fffeab00000 - 0x00007fffeab10000 	C:\Users\slow3\.vscode\extensions\redhat.java-1.41.1-win32-x64\jre\21.0.6-win32-x86_64\bin\net.dll
0x00007ff8030a0000 - 0x00007ff8031be000 	C:\WINDOWS\SYSTEM32\WINHTTP.dll
0x00007ff808a70000 - 0x00007ff808ada000 	C:\WINDOWS\system32\mswsock.dll
0x00007fffbb6e0000 - 0x00007fffbb6f6000 	C:\Users\slow3\.vscode\extensions\redhat.java-1.41.1-win32-x64\jre\21.0.6-win32-x86_64\bin\nio.dll
0x00007fffe8250000 - 0x00007fffe8260000 	c:\Users\slow3\.vscode\extensions\redhat.java-1.41.1-win32-x64\jre\21.0.6-win32-x86_64\bin\verify.dll
0x00007fffeb320000 - 0x00007fffeb365000 	C:\Users\slow3\AppData\Roaming\Code\User\globalStorage\redhat.java\1.41.1\config_win\org.eclipse.equinox.launcher\org.eclipse.equinox.launcher.win32.win32.x86_64_1.2.1300.v20250331-1702\eclipse_11911.dll
0x00007ff80b670000 - 0x00007ff80b80f000 	C:\WINDOWS\System32\ole32.dll
0x00007ff809c50000 - 0x00007ff809c6c000 	C:\WINDOWS\SYSTEM32\CRYPTSP.dll
0x00007ff808b10000 - 0x00007ff808b4a000 	C:\WINDOWS\system32\rsaenh.dll
0x00007ff808b50000 - 0x00007ff808b7b000 	C:\WINDOWS\SYSTEM32\USERENV.dll
0x00007ff809f10000 - 0x00007ff809f36000 	C:\WINDOWS\SYSTEM32\bcrypt.dll
0x00007ff809040000 - 0x00007ff80904c000 	C:\WINDOWS\SYSTEM32\CRYPTBASE.dll
0x00007ff807f40000 - 0x00007ff807f73000 	C:\WINDOWS\SYSTEM32\IPHLPAPI.DLL
0x00007ff80b330000 - 0x00007ff80b33a000 	C:\WINDOWS\System32\NSI.dll
0x00007ffffda70000 - 0x00007ffffdab9000 	C:\Users\slow3\AppData\Local\Temp\jna-109532754\jna10825509832349188829.dll
0x00007ff80ac60000 - 0x00007ff80ac68000 	C:\WINDOWS\System32\PSAPI.DLL
0x00007ff803420000 - 0x00007ff80343f000 	C:\WINDOWS\SYSTEM32\dhcpcsvc6.DLL
0x00007ff803270000 - 0x00007ff803295000 	C:\WINDOWS\SYSTEM32\dhcpcsvc.DLL
0x00007ffffee00000 - 0x00007ffffee0e000 	C:\Users\slow3\.vscode\extensions\redhat.java-1.41.1-win32-x64\jre\21.0.6-win32-x86_64\bin\sunmscapi.dll
0x00007ff80a6b0000 - 0x00007ff80a827000 	C:\WINDOWS\System32\CRYPT32.dll
0x00007ff809160000 - 0x00007ff809190000 	C:\WINDOWS\SYSTEM32\ncrypt.dll
0x00007ff809110000 - 0x00007ff80914f000 	C:\WINDOWS\SYSTEM32\NTASN1.dll
0x00007ff807fd0000 - 0x00007ff8080f7000 	C:\WINDOWS\SYSTEM32\DNSAPI.dll
0x00007ff801a90000 - 0x00007ff801a9b000 	C:\Windows\System32\rasadhlp.dll
0x00007ff801fc0000 - 0x00007ff802046000 	C:\WINDOWS\System32\fwpuclnt.dll
0x00007ffffda60000 - 0x00007ffffda69000 	C:\Users\slow3\.vscode\extensions\redhat.java-1.41.1-win32-x64\jre\21.0.6-win32-x86_64\bin\extnet.dll
0x00007ff809830000 - 0x00007ff809865000 	C:\WINDOWS\SYSTEM32\ntmarta.dll

dbghelp: loaded successfully - version: 4.0.5 - missing functions: none
symbol engine: initialized successfully - sym options: 0x614 - pdb path: .;c:\Users\slow3\.vscode\extensions\redhat.java-1.41.1-win32-x64\jre\21.0.6-win32-x86_64\bin;C:\WINDOWS\SYSTEM32;C:\WINDOWS\WinSxS\amd64_microsoft.windows.common-controls_6595b64144ccf1df_6.0.26100.3912_none_3e07963ce335137e;c:\Users\slow3\.vscode\extensions\redhat.java-1.41.1-win32-x64\jre\21.0.6-win32-x86_64\bin\server;C:\Users\slow3\AppData\Roaming\Code\User\globalStorage\redhat.java\1.41.1\config_win\org.eclipse.equinox.launcher\org.eclipse.equinox.launcher.win32.win32.x86_64_1.2.1300.v20250331-1702;C:\Users\slow3\AppData\Local\Temp\jna-109532754

VM Arguments:
jvm_args: --add-modules=ALL-SYSTEM --add-opens=java.base/java.util=ALL-UNNAMED --add-opens=java.base/java.lang=ALL-UNNAMED --add-opens=java.base/sun.nio.fs=ALL-UNNAMED -Declipse.application=org.eclipse.jdt.ls.core.id1 -Dosgi.bundles.defaultStartLevel=4 -Declipse.product=org.eclipse.jdt.ls.core.product -Djava.import.generatesMetadataFilesAtProjectRoot=false -DDetectVMInstallationsJob.disabled=true -Dfile.encoding=utf8 -XX:+UseParallelGC -XX:GCTimeRatio=4 -XX:AdaptiveSizePolicyWeight=90 -Dsun.zip.disableMemoryMapping=true -Xmx1G -Xms100m -Xlog:disable -javaagent:c:\Users\slow3\.vscode\extensions\redhat.java-1.41.1-win32-x64\lombok\lombok-1.18.36.jar -XX:+HeapDumpOnOutOfMemoryError -XX:HeapDumpPath=c:\Users\slow3\AppData\Roaming\Code\User\workspaceStorage\cc6a6027b4c3eb75d307e886a6e931f1\redhat.java -Daether.dependencyCollector.impl=bf 
java_command: c:\Users\slow3\.vscode\extensions\redhat.java-1.41.1-win32-x64\server\plugins\org.eclipse.equinox.launcher_1.7.0.v20250331-1702.jar -configuration c:\Users\slow3\AppData\Roaming\Code\User\globalStorage\redhat.java\1.41.1\config_win -data c:\Users\slow3\AppData\Roaming\Code\User\workspaceStorage\cc6a6027b4c3eb75d307e886a6e931f1\redhat.java\jdt_ws --pipe=\\.\pipe\lsp-60fc6fa7da41dea854686006ab0fdc62-sock
java_class_path (initial): c:\Users\slow3\.vscode\extensions\redhat.java-1.41.1-win32-x64\server\plugins\org.eclipse.equinox.launcher_1.7.0.v20250331-1702.jar
Launcher Type: SUN_STANDARD

[Global flags]
    uintx AdaptiveSizePolicyWeight                 = 90                                        {product} {command line}
     intx CICompilerCount                          = 4                                         {product} {ergonomic}
    uintx GCTimeRatio                              = 4                                         {product} {command line}
     bool HeapDumpOnOutOfMemoryError               = true                                   {manageable} {command line}
    ccstr HeapDumpPath                             = c:\Users\slow3\AppData\Roaming\Code\User\workspaceStorage\cc6a6027b4c3eb75d307e886a6e931f1\redhat.java         {manageable} {command line}
   size_t InitialHeapSize                          = 104857600                                 {product} {command line}
   size_t MaxHeapSize                              = 1073741824                                {product} {command line}
   size_t MaxNewSize                               = 357564416                                 {product} {ergonomic}
   size_t MinHeapDeltaBytes                        = 524288                                    {product} {ergonomic}
   size_t MinHeapSize                              = 104857600                                 {product} {command line}
   size_t NewSize                                  = 34603008                                  {product} {ergonomic}
    uintx NonNMethodCodeHeapSize                   = 5839372                                {pd product} {ergonomic}
    uintx NonProfiledCodeHeapSize                  = 122909434                              {pd product} {ergonomic}
   size_t OldSize                                  = 70254592                                  {product} {ergonomic}
    uintx ProfiledCodeHeapSize                     = 122909434                              {pd product} {ergonomic}
    uintx ReservedCodeCacheSize                    = 251658240                              {pd product} {ergonomic}
     bool SegmentedCodeCache                       = true                                      {product} {ergonomic}
   size_t SoftMaxHeapSize                          = 1073741824                             {manageable} {ergonomic}
     bool UseCompressedOops                        = true                           {product lp64_product} {ergonomic}
     bool UseLargePagesIndividualAllocation        = false                                  {pd product} {ergonomic}
     bool UseParallelGC                            = true                                      {product} {command line}

Logging:
Log output configuration:
 #0: stdout all=off uptime,level,tags foldmultilines=false
 #1: stderr all=off uptime,level,tags foldmultilines=false

Environment Variables:
PATH=C:\Program Files\Eclipse Adoptium\jdk-17.0.15.6-hotspot\bin;C:\Program Files (x86)\VMware\VMware Workstation\bin\;C:\WINDOWS\system32;C:\WINDOWS;C:\WINDOWS\System32\Wbem;C:\WINDOWS\System32\WindowsPowerShell\v1.0\;C:\WINDOWS\System32\OpenSSH\;C:\Program Files\Git\cmd;C:\Users\slow3\AppData\Local\Microsoft\WindowsApps;;C:\Program Files\JetBrains\IntelliJ IDEA Community Edition 2025.1\bin;;C:\Users\slow3\AppData\Local\Programs\Microsoft VS Code\bin
USERNAME=slow3
OS=Windows_NT
PROCESSOR_IDENTIFIER=Intel64 Family 6 Model 60 Stepping 3, GenuineIntel
TMP=C:\Users\slow3\AppData\Local\Temp
TEMP=C:\Users\slow3\AppData\Local\Temp




Periodic native trim disabled

---------------  S Y S T E M  ---------------

OS:
 Windows 11 , 64 bit Build 26100 (10.0.26100.3912)
OS uptime: 1 days 22:34 hours

CPU: total 8 (initial active 8) (4 cores per cpu, 2 threads per core) family 6 model 60 stepping 3 microcode 0x28, cx8, cmov, fxsr, ht, mmx, sse, sse2, sse3, ssse3, sse4.1, sse4.2, popcnt, lzcnt, tsc, tscinvbit, avx, avx2, aes, erms, clmul, bmi1, bmi2, fma, vzeroupper, clflush, rdtscp, f16c
Processor Information for the first 8 processors :
  Max Mhz: 3401, Current Mhz: 3401, Mhz Limit: 3401

Memory: 4k page, system-wide physical 24454M (13187M free)
TotalPageFile size 25990M (AvailPageFile size 7613M)
current process WorkingSet (physical memory assigned to process): 939M, peak: 1074M
current process commit charge ("private bytes"): 979M, peak: 984M

vm_info: OpenJDK 64-Bit Server VM (21.0.6+7-LTS) for windows-amd64 JRE (21.0.6+7-LTS), built on 2025-01-21T00:00:00Z by "admin" with MS VC++ 17.7 (VS2022)

END.
